<!DOCTYPE html>

<html>
  <head>
  <title>TestNG reports</title>

    <link type="text/css" href="testng-reports.css" rel="stylesheet" />  
    <script type="text/javascript" src="jquery-1.7.1.min.js"></script>
    <script type="text/javascript" src="testng-reports.js"></script>
    <script type="text/javascript" src="https://www.google.com/jsapi"></script>
    <script type='text/javascript'>
      google.load('visualization', '1', {packages:['table']});
      google.setOnLoadCallback(drawTable);
      var suiteTableInitFunctions = new Array();
      var suiteTableData = new Array();
    </script>
    <!--
      <script type="text/javascript" src="jquery-ui/js/jquery-ui-1.8.16.custom.min.js"></script>
     -->
  </head>

  <body>
    <div class="top-banner-root">
      <span class="top-banner-title-font">Test results</span>
      <br/>
      <span class="top-banner-font-1">1 suite, 17 failed tests</span>
    </div> <!-- top-banner-root -->
    <div class="navigator-root">
      <div class="navigator-suite-header">
        <span>All suites</span>
        <a href="#" title="Collapse/expand all the suites" class="collapse-all-link">
          <img src="collapseall.gif" class="collapse-all-icon">
          </img> <!-- collapse-all-icon -->
        </a> <!-- collapse-all-link -->
      </div> <!-- navigator-suite-header -->
      <div class="suite">
        <div class="rounded-window">
          <div class="suite-header light-rounded-window-top">
            <a href="#" panel-name="suite-SupplierSuite" class="navigator-link">
              <span class="suite-name border-failed">SupplierSuite</span>
            </a> <!-- navigator-link -->
          </div> <!-- suite-header light-rounded-window-top -->
          <div class="navigator-suite-content">
            <div class="suite-section-title">
              <span>Info</span>
            </div> <!-- suite-section-title -->
            <div class="suite-section-content">
              <ul>
                <li>
                  <a href="#" panel-name="test-xml-SupplierSuite" class="navigator-link ">
                    <span>E:\Supplier_Integration_MyAdmin\Supplier_Integration_MyAdmin\Supplier_Admin\src\test\java\testng.xml</span>
                  </a> <!-- navigator-link  -->
                </li>
                <li>
                  <a href="#" panel-name="testlist-SupplierSuite" class="navigator-link ">
                    <span class="test-stats">17 tests</span>
                  </a> <!-- navigator-link  -->
                </li>
                <li>
                  <a href="#" panel-name="group-SupplierSuite" class="navigator-link ">
                    <span>0 groups</span>
                  </a> <!-- navigator-link  -->
                </li>
                <li>
                  <a href="#" panel-name="times-SupplierSuite" class="navigator-link ">
                    <span>Times</span>
                  </a> <!-- navigator-link  -->
                </li>
                <li>
                  <a href="#" panel-name="reporter-SupplierSuite" class="navigator-link ">
                    <span>Reporter output</span>
                  </a> <!-- navigator-link  -->
                </li>
                <li>
                  <a href="#" panel-name="ignored-methods-SupplierSuite" class="navigator-link ">
                    <span>Ignored methods</span>
                  </a> <!-- navigator-link  -->
                </li>
                <li>
                  <a href="#" panel-name="chronological-SupplierSuite" class="navigator-link ">
                    <span>Chronological view</span>
                  </a> <!-- navigator-link  -->
                </li>
              </ul>
            </div> <!-- suite-section-content -->
            <div class="result-section">
              <div class="suite-section-title">
                <span>Results</span>
              </div> <!-- suite-section-title -->
              <div class="suite-section-content">
                <ul>
                  <li>
                    <span class="method-stats">17 methods, 17 failed,   </span>
                  </li>
                  <li>
                    <span class="method-list-title failed">Failed methods</span>
                    <span class="show-or-hide-methods failed">
                      <a href="#" panel-name="suite-SupplierSuite" class="hide-methods failed suite-SupplierSuite"> (hide)</a> <!-- hide-methods failed suite-SupplierSuite -->
                      <a href="#" panel-name="suite-SupplierSuite" class="show-methods failed suite-SupplierSuite"> (show)</a> <!-- show-methods failed suite-SupplierSuite -->
                    </span>
                    <div class="method-list-content failed suite-SupplierSuite">
                      <span>
                        <img src="failed.png" width="3%"/>
                        <a href="#" panel-name="suite-SupplierSuite" title="Booking_MyAdmin.Book_Credit" class="method navigator-link" hash-for-method="BookCredit(CH)">BookCredit(CH)</a> <!-- method navigator-link -->
                      </span>
                      <br/>
                      <span>
                        <img src="failed.png" width="3%"/>
                        <a href="#" panel-name="suite-SupplierSuite" title="Booking_MyAdmin.Book_Credit_Card" class="method navigator-link" hash-for-method="BookCreditCard(CH)">BookCreditCard(CH)</a> <!-- method navigator-link -->
                      </span>
                      <br/>
                      <span>
                        <img src="failed.png" width="3%"/>
                        <a href="#" panel-name="suite-SupplierSuite" title="Booking_MyAdmin.Book_Credit_Card_MultiSupplier" class="method navigator-link" hash-for-method="BookCreditCardMultiSupplier(CH)">BookCreditCardMultiSupplier(CH)</a> <!-- method navigator-link -->
                      </span>
                      <br/>
                      <span>
                        <img src="failed.png" width="3%"/>
                        <a href="#" panel-name="suite-SupplierSuite" title="Booking_MyAdmin.Book_Credit_MultiSupplier" class="method navigator-link" hash-for-method="BookCreditMultiSupplier(CH)">BookCreditMultiSupplier(CH)</a> <!-- method navigator-link -->
                      </span>
                      <br/>
                      <span>
                        <img src="failed.png" width="3%"/>
                        <a href="#" panel-name="suite-SupplierSuite" title="Booking_MyAdmin.Book_Prepay" class="method navigator-link" hash-for-method="BookPrepay(CH)">BookPrepay(CH)</a> <!-- method navigator-link -->
                      </span>
                      <br/>
                      <span>
                        <img src="failed.png" width="3%"/>
                        <a href="#" panel-name="suite-SupplierSuite" title="Booking_MyAdmin.Book_Prepay_MultiSupplier" class="method navigator-link" hash-for-method="BookPrepayMultiSupplier(CH)">BookPrepayMultiSupplier(CH)</a> <!-- method navigator-link -->
                      </span>
                      <br/>
                      <span>
                        <img src="failed.png" width="3%"/>
                        <a href="#" panel-name="suite-SupplierSuite" title="Booking_MyAdmin.Book_Credit_Card_Saved_Itenary_NFR" class="method navigator-link" hash-for-method="BookSavedITNCreditCardNFR(CH)">BookSavedITNCreditCardNFR(CH)</a> <!-- method navigator-link -->
                      </span>
                      <br/>
                      <span>
                        <img src="failed.png" width="3%"/>
                        <a href="#" panel-name="suite-SupplierSuite" title="Booking_MyAdmin.Book_Credit_Saved_Itenary_NFR" class="method navigator-link" hash-for-method="BookSavedITNCreditNFR(CH)">BookSavedITNCreditNFR(CH)</a> <!-- method navigator-link -->
                      </span>
                      <br/>
                      <span>
                        <img src="failed.png" width="3%"/>
                        <a href="#" panel-name="suite-SupplierSuite" title="Search_MyAdmin.Search_Credit" class="method navigator-link" hash-for-method="SearchCredit(CH)">SearchCredit(CH)</a> <!-- method navigator-link -->
                      </span>
                      <br/>
                      <span>
                        <img src="failed.png" width="3%"/>
                        <a href="#" panel-name="suite-SupplierSuite" title="Search_MyAdmin.Search_Credit_Card" class="method navigator-link" hash-for-method="SearchCreditCard(CH)">SearchCreditCard(CH)</a> <!-- method navigator-link -->
                      </span>
                      <br/>
                      <span>
                        <img src="failed.png" width="3%"/>
                        <a href="#" panel-name="suite-SupplierSuite" title="Search_MyAdmin.Search_Credit_Card_NFR" class="method navigator-link" hash-for-method="SearchCreditCardNFR(CH)">SearchCreditCardNFR(CH)</a> <!-- method navigator-link -->
                      </span>
                      <br/>
                      <span>
                        <img src="failed.png" width="3%"/>
                        <a href="#" panel-name="suite-SupplierSuite" title="Search_MyAdmin.Search_Credit_Card_Within_Deadline" class="method navigator-link" hash-for-method="SearchCreditCardWithinDeadline(CH)">SearchCreditCardWithinDeadline(CH)</a> <!-- method navigator-link -->
                      </span>
                      <br/>
                      <span>
                        <img src="failed.png" width="3%"/>
                        <a href="#" panel-name="suite-SupplierSuite" title="Search_MyAdmin.Search_Credit_NFR" class="method navigator-link" hash-for-method="SearchCreditNFR(CH)">SearchCreditNFR(CH)</a> <!-- method navigator-link -->
                      </span>
                      <br/>
                      <span>
                        <img src="failed.png" width="3%"/>
                        <a href="#" panel-name="suite-SupplierSuite" title="Search_MyAdmin.Search_Credit_Within_Deadline" class="method navigator-link" hash-for-method="SearchCreditWithinDeadline(CH)">SearchCreditWithinDeadline(CH)</a> <!-- method navigator-link -->
                      </span>
                      <br/>
                      <span>
                        <img src="failed.png" width="3%"/>
                        <a href="#" panel-name="suite-SupplierSuite" title="Search_MyAdmin.Search_Prepay" class="method navigator-link" hash-for-method="SearchPrepay(CH)">SearchPrepay(CH)</a> <!-- method navigator-link -->
                      </span>
                      <br/>
                      <span>
                        <img src="failed.png" width="3%"/>
                        <a href="#" panel-name="suite-SupplierSuite" title="Search_MyAdmin.Search_Prepay_NFR" class="method navigator-link" hash-for-method="SearchPrepayNFR(CH)">SearchPrepayNFR(CH)</a> <!-- method navigator-link -->
                      </span>
                      <br/>
                      <span>
                        <img src="failed.png" width="3%"/>
                        <a href="#" panel-name="suite-SupplierSuite" title="Search_MyAdmin.Search_Prepay_Within_Deadline" class="method navigator-link" hash-for-method="SearchPrepayWithinDeadline(CH)">SearchPrepayWithinDeadline(CH)</a> <!-- method navigator-link -->
                      </span>
                      <br/>
                    </div> <!-- method-list-content failed suite-SupplierSuite -->
                  </li>
                </ul>
              </div> <!-- suite-section-content -->
            </div> <!-- result-section -->
          </div> <!-- navigator-suite-content -->
        </div> <!-- rounded-window -->
      </div> <!-- suite -->
    </div> <!-- navigator-root -->
    <div class="wrapper">
      <div class="main-panel-root">
        <div panel-name="suite-SupplierSuite" class="panel SupplierSuite">
          <div class="suite-SupplierSuite-class-failed">
            <div class="main-panel-header rounded-window-top">
              <img src="failed.png"/>
              <span class="class-name">Search_MyAdmin.Search_Credit</span>
            </div> <!-- main-panel-header rounded-window-top -->
            <div class="main-panel-content rounded-window-bottom">
              <div class="method">
                <div class="method-content">
                  <a name="SearchCredit(CH)">
                  </a> <!-- SearchCredit(CH) -->
                  <span class="method-name">SearchCredit</span>
                  <span class="parameters">(CH)</span>
                  <div class="stack-trace"><b>"java.lang.NullPointerException
	at lib.ExcelDataConfig.&lt;init&gt;(ExcelDataConfig.java:31)
	at Search_MyAdmin.Search_Credit.SearchCredit(Search_Credit.java:50)
... Removed 24 stack frames<br/> java.lang.NullPointerException
	at lib.ExcelDataConfig.&lt;init&gt;(ExcelDataConfig.java:31)
	at Search_MyAdmin.Search_Credit.SearchCredit(Search_Credit.java:50)
	at java.base/jdk.internal.reflect.NativeMethodAccessorImpl.invoke0(Native Method)
	at java.base/jdk.internal.reflect.NativeMethodAccessorImpl.invoke(Unknown Source)
	at java.base/jdk.internal.reflect.DelegatingMethodAccessorImpl.invoke(Unknown Source)
	at java.base/java.lang.reflect.Method.invoke(Unknown Source)
	at org.testng.internal.MethodInvocationHelper.invokeMethod(MethodInvocationHelper.java:80)
	at org.testng.internal.Invoker.invokeMethod(Invoker.java:714)
	at org.testng.internal.Invoker.invokeTestMethod(Invoker.java:901)
	at org.testng.internal.Invoker.invokeTestMethods(Invoker.java:1231)
	at org.testng.internal.TestMethodWorker.invokeTestMethods(TestMethodWorker.java:127)
	at org.testng.internal.TestMethodWorker.run(TestMethodWorker.java:111)
	at org.testng.TestRunner.privateRun(TestRunner.java:767)
	at org.testng.TestRunner.run(TestRunner.java:617)
	at org.testng.SuiteRunner.runTest(SuiteRunner.java:334)
	at org.testng.SuiteRunner.runSequentially(SuiteRunner.java:329)
	at org.testng.SuiteRunner.privateRun(SuiteRunner.java:291)
	at org.testng.SuiteRunner.run(SuiteRunner.java:240)
	at org.testng.SuiteRunnerWorker.runSuite(SuiteRunnerWorker.java:52)
	at org.testng.SuiteRunnerWorker.run(SuiteRunnerWorker.java:86)
	at org.testng.TestNG.runSuitesSequentially(TestNG.java:1198)
	at org.testng.TestNG.runSuitesLocally(TestNG.java:1123)
	at org.testng.TestNG.run(TestNG.java:1031)
	at org.testng.remote.AbstractRemoteTestNG.run(AbstractRemoteTestNG.java:114)
	at org.testng.remote.RemoteTestNG.initAndRun(RemoteTestNG.java:251)
	at org.testng.remote.RemoteTestNG.main(RemoteTestNG.java:77)
"</b><br>lib.ExcelDataConfig.<init>(ExcelDataConfig.java:31)<br>Search_MyAdmin.Search_Credit.SearchCredit(Search_Credit.java:50)<br>java.base/jdk.internal.reflect.NativeMethodAccessorImpl.invoke0(Native Method)<br>java.base/jdk.internal.reflect.NativeMethodAccessorImpl.invoke(Unknown Source)<br>java.base/jdk.internal.reflect.DelegatingMethodAccessorImpl.invoke(Unknown Source)<br>java.base/java.lang.reflect.Method.invoke(Unknown Source)<br>org.testng.internal.MethodInvocationHelper.invokeMethod(MethodInvocationHelper.java:80)<br>org.testng.internal.Invoker.invokeMethod(Invoker.java:714)<br>org.testng.internal.Invoker.invokeTestMethod(Invoker.java:901)<br>org.testng.internal.Invoker.invokeTestMethods(Invoker.java:1231)<br>org.testng.internal.TestMethodWorker.invokeTestMethods(TestMethodWorker.java:127)<br>org.testng.internal.TestMethodWorker.run(TestMethodWorker.java:111)<br>org.testng.TestRunner.privateRun(TestRunner.java:767)<br>org.testng.TestRunner.run(TestRunner.java:617)<br>org.testng.SuiteRunner.runTest(SuiteRunner.java:334)<br>org.testng.SuiteRunner.runSequentially(SuiteRunner.java:329)<br>org.testng.SuiteRunner.privateRun(SuiteRunner.java:291)<br>org.testng.SuiteRunner.run(SuiteRunner.java:240)<br>org.testng.SuiteRunnerWorker.runSuite(SuiteRunnerWorker.java:52)<br>org.testng.SuiteRunnerWorker.run(SuiteRunnerWorker.java:86)<br>org.testng.TestNG.runSuitesSequentially(TestNG.java:1198)<br>org.testng.TestNG.runSuitesLocally(TestNG.java:1123)<br>org.testng.TestNG.run(TestNG.java:1031)<br>org.testng.remote.AbstractRemoteTestNG.run(AbstractRemoteTestNG.java:114)<br>org.testng.remote.RemoteTestNG.initAndRun(RemoteTestNG.java:251)<br>org.testng.remote.RemoteTestNG.main(RemoteTestNG.java:77)<br>
</div> <!-- stack-trace -->
                </div> <!-- method-content -->
              </div> <!-- method -->
            </div> <!-- main-panel-content rounded-window-bottom -->
          </div> <!-- suite-SupplierSuite-class-failed -->
          <div class="suite-SupplierSuite-class-failed">
            <div class="main-panel-header rounded-window-top">
              <img src="failed.png"/>
              <span class="class-name">Booking_MyAdmin.Book_Credit_Saved_Itenary_NFR</span>
            </div> <!-- main-panel-header rounded-window-top -->
            <div class="main-panel-content rounded-window-bottom">
              <div class="method">
                <div class="method-content">
                  <a name="BookSavedITNCreditNFR(CH)">
                  </a> <!-- BookSavedITNCreditNFR(CH) -->
                  <span class="method-name">BookSavedITNCreditNFR</span>
                  <span class="parameters">(CH)</span>
                  <div class="stack-trace"><b>"java.lang.NullPointerException
	at lib.ExcelDataConfig.&lt;init&gt;(ExcelDataConfig.java:31)
	at Booking_MyAdmin.Book_Credit_Saved_Itenary_NFR.BookSavedITNCreditNFR(Book_Credit_Saved_Itenary_NFR.java:52)
... Removed 24 stack frames<br/> java.lang.NullPointerException
	at lib.ExcelDataConfig.&lt;init&gt;(ExcelDataConfig.java:31)
	at Booking_MyAdmin.Book_Credit_Saved_Itenary_NFR.BookSavedITNCreditNFR(Book_Credit_Saved_Itenary_NFR.java:52)
	at java.base/jdk.internal.reflect.NativeMethodAccessorImpl.invoke0(Native Method)
	at java.base/jdk.internal.reflect.NativeMethodAccessorImpl.invoke(Unknown Source)
	at java.base/jdk.internal.reflect.DelegatingMethodAccessorImpl.invoke(Unknown Source)
	at java.base/java.lang.reflect.Method.invoke(Unknown Source)
	at org.testng.internal.MethodInvocationHelper.invokeMethod(MethodInvocationHelper.java:80)
	at org.testng.internal.Invoker.invokeMethod(Invoker.java:714)
	at org.testng.internal.Invoker.invokeTestMethod(Invoker.java:901)
	at org.testng.internal.Invoker.invokeTestMethods(Invoker.java:1231)
	at org.testng.internal.TestMethodWorker.invokeTestMethods(TestMethodWorker.java:127)
	at org.testng.internal.TestMethodWorker.run(TestMethodWorker.java:111)
	at org.testng.TestRunner.privateRun(TestRunner.java:767)
	at org.testng.TestRunner.run(TestRunner.java:617)
	at org.testng.SuiteRunner.runTest(SuiteRunner.java:334)
	at org.testng.SuiteRunner.runSequentially(SuiteRunner.java:329)
	at org.testng.SuiteRunner.privateRun(SuiteRunner.java:291)
	at org.testng.SuiteRunner.run(SuiteRunner.java:240)
	at org.testng.SuiteRunnerWorker.runSuite(SuiteRunnerWorker.java:52)
	at org.testng.SuiteRunnerWorker.run(SuiteRunnerWorker.java:86)
	at org.testng.TestNG.runSuitesSequentially(TestNG.java:1198)
	at org.testng.TestNG.runSuitesLocally(TestNG.java:1123)
	at org.testng.TestNG.run(TestNG.java:1031)
	at org.testng.remote.AbstractRemoteTestNG.run(AbstractRemoteTestNG.java:114)
	at org.testng.remote.RemoteTestNG.initAndRun(RemoteTestNG.java:251)
	at org.testng.remote.RemoteTestNG.main(RemoteTestNG.java:77)
"</b><br>lib.ExcelDataConfig.<init>(ExcelDataConfig.java:31)<br>Booking_MyAdmin.Book_Credit_Saved_Itenary_NFR.BookSavedITNCreditNFR(Book_Credit_Saved_Itenary_NFR.java:52)<br>java.base/jdk.internal.reflect.NativeMethodAccessorImpl.invoke0(Native Method)<br>java.base/jdk.internal.reflect.NativeMethodAccessorImpl.invoke(Unknown Source)<br>java.base/jdk.internal.reflect.DelegatingMethodAccessorImpl.invoke(Unknown Source)<br>java.base/java.lang.reflect.Method.invoke(Unknown Source)<br>org.testng.internal.MethodInvocationHelper.invokeMethod(MethodInvocationHelper.java:80)<br>org.testng.internal.Invoker.invokeMethod(Invoker.java:714)<br>org.testng.internal.Invoker.invokeTestMethod(Invoker.java:901)<br>org.testng.internal.Invoker.invokeTestMethods(Invoker.java:1231)<br>org.testng.internal.TestMethodWorker.invokeTestMethods(TestMethodWorker.java:127)<br>org.testng.internal.TestMethodWorker.run(TestMethodWorker.java:111)<br>org.testng.TestRunner.privateRun(TestRunner.java:767)<br>org.testng.TestRunner.run(TestRunner.java:617)<br>org.testng.SuiteRunner.runTest(SuiteRunner.java:334)<br>org.testng.SuiteRunner.runSequentially(SuiteRunner.java:329)<br>org.testng.SuiteRunner.privateRun(SuiteRunner.java:291)<br>org.testng.SuiteRunner.run(SuiteRunner.java:240)<br>org.testng.SuiteRunnerWorker.runSuite(SuiteRunnerWorker.java:52)<br>org.testng.SuiteRunnerWorker.run(SuiteRunnerWorker.java:86)<br>org.testng.TestNG.runSuitesSequentially(TestNG.java:1198)<br>org.testng.TestNG.runSuitesLocally(TestNG.java:1123)<br>org.testng.TestNG.run(TestNG.java:1031)<br>org.testng.remote.AbstractRemoteTestNG.run(AbstractRemoteTestNG.java:114)<br>org.testng.remote.RemoteTestNG.initAndRun(RemoteTestNG.java:251)<br>org.testng.remote.RemoteTestNG.main(RemoteTestNG.java:77)<br>
</div> <!-- stack-trace -->
                </div> <!-- method-content -->
              </div> <!-- method -->
            </div> <!-- main-panel-content rounded-window-bottom -->
          </div> <!-- suite-SupplierSuite-class-failed -->
          <div class="suite-SupplierSuite-class-failed">
            <div class="main-panel-header rounded-window-top">
              <img src="failed.png"/>
              <span class="class-name">Search_MyAdmin.Search_Prepay_Within_Deadline</span>
            </div> <!-- main-panel-header rounded-window-top -->
            <div class="main-panel-content rounded-window-bottom">
              <div class="method">
                <div class="method-content">
                  <a name="SearchPrepayWithinDeadline(CH)">
                  </a> <!-- SearchPrepayWithinDeadline(CH) -->
                  <span class="method-name">SearchPrepayWithinDeadline</span>
                  <span class="parameters">(CH)</span>
                  <div class="stack-trace"><b>"java.lang.NullPointerException
	at lib.ExcelDataConfig.&lt;init&gt;(ExcelDataConfig.java:31)
	at Search_MyAdmin.Search_Prepay_Within_Deadline.SearchPrepayWithinDeadline(Search_Prepay_Within_Deadline.java:50)
... Removed 24 stack frames<br/> java.lang.NullPointerException
	at lib.ExcelDataConfig.&lt;init&gt;(ExcelDataConfig.java:31)
	at Search_MyAdmin.Search_Prepay_Within_Deadline.SearchPrepayWithinDeadline(Search_Prepay_Within_Deadline.java:50)
	at java.base/jdk.internal.reflect.NativeMethodAccessorImpl.invoke0(Native Method)
	at java.base/jdk.internal.reflect.NativeMethodAccessorImpl.invoke(Unknown Source)
	at java.base/jdk.internal.reflect.DelegatingMethodAccessorImpl.invoke(Unknown Source)
	at java.base/java.lang.reflect.Method.invoke(Unknown Source)
	at org.testng.internal.MethodInvocationHelper.invokeMethod(MethodInvocationHelper.java:80)
	at org.testng.internal.Invoker.invokeMethod(Invoker.java:714)
	at org.testng.internal.Invoker.invokeTestMethod(Invoker.java:901)
	at org.testng.internal.Invoker.invokeTestMethods(Invoker.java:1231)
	at org.testng.internal.TestMethodWorker.invokeTestMethods(TestMethodWorker.java:127)
	at org.testng.internal.TestMethodWorker.run(TestMethodWorker.java:111)
	at org.testng.TestRunner.privateRun(TestRunner.java:767)
	at org.testng.TestRunner.run(TestRunner.java:617)
	at org.testng.SuiteRunner.runTest(SuiteRunner.java:334)
	at org.testng.SuiteRunner.runSequentially(SuiteRunner.java:329)
	at org.testng.SuiteRunner.privateRun(SuiteRunner.java:291)
	at org.testng.SuiteRunner.run(SuiteRunner.java:240)
	at org.testng.SuiteRunnerWorker.runSuite(SuiteRunnerWorker.java:52)
	at org.testng.SuiteRunnerWorker.run(SuiteRunnerWorker.java:86)
	at org.testng.TestNG.runSuitesSequentially(TestNG.java:1198)
	at org.testng.TestNG.runSuitesLocally(TestNG.java:1123)
	at org.testng.TestNG.run(TestNG.java:1031)
	at org.testng.remote.AbstractRemoteTestNG.run(AbstractRemoteTestNG.java:114)
	at org.testng.remote.RemoteTestNG.initAndRun(RemoteTestNG.java:251)
	at org.testng.remote.RemoteTestNG.main(RemoteTestNG.java:77)
"</b><br>lib.ExcelDataConfig.<init>(ExcelDataConfig.java:31)<br>Search_MyAdmin.Search_Prepay_Within_Deadline.SearchPrepayWithinDeadline(Search_Prepay_Within_Deadline.java:50)<br>java.base/jdk.internal.reflect.NativeMethodAccessorImpl.invoke0(Native Method)<br>java.base/jdk.internal.reflect.NativeMethodAccessorImpl.invoke(Unknown Source)<br>java.base/jdk.internal.reflect.DelegatingMethodAccessorImpl.invoke(Unknown Source)<br>java.base/java.lang.reflect.Method.invoke(Unknown Source)<br>org.testng.internal.MethodInvocationHelper.invokeMethod(MethodInvocationHelper.java:80)<br>org.testng.internal.Invoker.invokeMethod(Invoker.java:714)<br>org.testng.internal.Invoker.invokeTestMethod(Invoker.java:901)<br>org.testng.internal.Invoker.invokeTestMethods(Invoker.java:1231)<br>org.testng.internal.TestMethodWorker.invokeTestMethods(TestMethodWorker.java:127)<br>org.testng.internal.TestMethodWorker.run(TestMethodWorker.java:111)<br>org.testng.TestRunner.privateRun(TestRunner.java:767)<br>org.testng.TestRunner.run(TestRunner.java:617)<br>org.testng.SuiteRunner.runTest(SuiteRunner.java:334)<br>org.testng.SuiteRunner.runSequentially(SuiteRunner.java:329)<br>org.testng.SuiteRunner.privateRun(SuiteRunner.java:291)<br>org.testng.SuiteRunner.run(SuiteRunner.java:240)<br>org.testng.SuiteRunnerWorker.runSuite(SuiteRunnerWorker.java:52)<br>org.testng.SuiteRunnerWorker.run(SuiteRunnerWorker.java:86)<br>org.testng.TestNG.runSuitesSequentially(TestNG.java:1198)<br>org.testng.TestNG.runSuitesLocally(TestNG.java:1123)<br>org.testng.TestNG.run(TestNG.java:1031)<br>org.testng.remote.AbstractRemoteTestNG.run(AbstractRemoteTestNG.java:114)<br>org.testng.remote.RemoteTestNG.initAndRun(RemoteTestNG.java:251)<br>org.testng.remote.RemoteTestNG.main(RemoteTestNG.java:77)<br>
</div> <!-- stack-trace -->
                </div> <!-- method-content -->
              </div> <!-- method -->
            </div> <!-- main-panel-content rounded-window-bottom -->
          </div> <!-- suite-SupplierSuite-class-failed -->
          <div class="suite-SupplierSuite-class-failed">
            <div class="main-panel-header rounded-window-top">
              <img src="failed.png"/>
              <span class="class-name">Booking_MyAdmin.Book_Prepay_MultiSupplier</span>
            </div> <!-- main-panel-header rounded-window-top -->
            <div class="main-panel-content rounded-window-bottom">
              <div class="method">
                <div class="method-content">
                  <a name="BookPrepayMultiSupplier(CH)">
                  </a> <!-- BookPrepayMultiSupplier(CH) -->
                  <span class="method-name">BookPrepayMultiSupplier</span>
                  <span class="parameters">(CH)</span>
                  <div class="stack-trace"><b>"java.lang.NullPointerException
	at lib.ExcelDataConfig.&lt;init&gt;(ExcelDataConfig.java:31)
	at Booking_MyAdmin.Book_Prepay_MultiSupplier.BookPrepayMultiSupplier(Book_Prepay_MultiSupplier.java:53)
... Removed 24 stack frames<br/> java.lang.NullPointerException
	at lib.ExcelDataConfig.&lt;init&gt;(ExcelDataConfig.java:31)
	at Booking_MyAdmin.Book_Prepay_MultiSupplier.BookPrepayMultiSupplier(Book_Prepay_MultiSupplier.java:53)
	at java.base/jdk.internal.reflect.NativeMethodAccessorImpl.invoke0(Native Method)
	at java.base/jdk.internal.reflect.NativeMethodAccessorImpl.invoke(Unknown Source)
	at java.base/jdk.internal.reflect.DelegatingMethodAccessorImpl.invoke(Unknown Source)
	at java.base/java.lang.reflect.Method.invoke(Unknown Source)
	at org.testng.internal.MethodInvocationHelper.invokeMethod(MethodInvocationHelper.java:80)
	at org.testng.internal.Invoker.invokeMethod(Invoker.java:714)
	at org.testng.internal.Invoker.invokeTestMethod(Invoker.java:901)
	at org.testng.internal.Invoker.invokeTestMethods(Invoker.java:1231)
	at org.testng.internal.TestMethodWorker.invokeTestMethods(TestMethodWorker.java:127)
	at org.testng.internal.TestMethodWorker.run(TestMethodWorker.java:111)
	at org.testng.TestRunner.privateRun(TestRunner.java:767)
	at org.testng.TestRunner.run(TestRunner.java:617)
	at org.testng.SuiteRunner.runTest(SuiteRunner.java:334)
	at org.testng.SuiteRunner.runSequentially(SuiteRunner.java:329)
	at org.testng.SuiteRunner.privateRun(SuiteRunner.java:291)
	at org.testng.SuiteRunner.run(SuiteRunner.java:240)
	at org.testng.SuiteRunnerWorker.runSuite(SuiteRunnerWorker.java:52)
	at org.testng.SuiteRunnerWorker.run(SuiteRunnerWorker.java:86)
	at org.testng.TestNG.runSuitesSequentially(TestNG.java:1198)
	at org.testng.TestNG.runSuitesLocally(TestNG.java:1123)
	at org.testng.TestNG.run(TestNG.java:1031)
	at org.testng.remote.AbstractRemoteTestNG.run(AbstractRemoteTestNG.java:114)
	at org.testng.remote.RemoteTestNG.initAndRun(RemoteTestNG.java:251)
	at org.testng.remote.RemoteTestNG.main(RemoteTestNG.java:77)
"</b><br>lib.ExcelDataConfig.<init>(ExcelDataConfig.java:31)<br>Booking_MyAdmin.Book_Prepay_MultiSupplier.BookPrepayMultiSupplier(Book_Prepay_MultiSupplier.java:53)<br>java.base/jdk.internal.reflect.NativeMethodAccessorImpl.invoke0(Native Method)<br>java.base/jdk.internal.reflect.NativeMethodAccessorImpl.invoke(Unknown Source)<br>java.base/jdk.internal.reflect.DelegatingMethodAccessorImpl.invoke(Unknown Source)<br>java.base/java.lang.reflect.Method.invoke(Unknown Source)<br>org.testng.internal.MethodInvocationHelper.invokeMethod(MethodInvocationHelper.java:80)<br>org.testng.internal.Invoker.invokeMethod(Invoker.java:714)<br>org.testng.internal.Invoker.invokeTestMethod(Invoker.java:901)<br>org.testng.internal.Invoker.invokeTestMethods(Invoker.java:1231)<br>org.testng.internal.TestMethodWorker.invokeTestMethods(TestMethodWorker.java:127)<br>org.testng.internal.TestMethodWorker.run(TestMethodWorker.java:111)<br>org.testng.TestRunner.privateRun(TestRunner.java:767)<br>org.testng.TestRunner.run(TestRunner.java:617)<br>org.testng.SuiteRunner.runTest(SuiteRunner.java:334)<br>org.testng.SuiteRunner.runSequentially(SuiteRunner.java:329)<br>org.testng.SuiteRunner.privateRun(SuiteRunner.java:291)<br>org.testng.SuiteRunner.run(SuiteRunner.java:240)<br>org.testng.SuiteRunnerWorker.runSuite(SuiteRunnerWorker.java:52)<br>org.testng.SuiteRunnerWorker.run(SuiteRunnerWorker.java:86)<br>org.testng.TestNG.runSuitesSequentially(TestNG.java:1198)<br>org.testng.TestNG.runSuitesLocally(TestNG.java:1123)<br>org.testng.TestNG.run(TestNG.java:1031)<br>org.testng.remote.AbstractRemoteTestNG.run(AbstractRemoteTestNG.java:114)<br>org.testng.remote.RemoteTestNG.initAndRun(RemoteTestNG.java:251)<br>org.testng.remote.RemoteTestNG.main(RemoteTestNG.java:77)<br>
</div> <!-- stack-trace -->
                </div> <!-- method-content -->
              </div> <!-- method -->
            </div> <!-- main-panel-content rounded-window-bottom -->
          </div> <!-- suite-SupplierSuite-class-failed -->
          <div class="suite-SupplierSuite-class-failed">
            <div class="main-panel-header rounded-window-top">
              <img src="failed.png"/>
              <span class="class-name">Search_MyAdmin.Search_Prepay</span>
            </div> <!-- main-panel-header rounded-window-top -->
            <div class="main-panel-content rounded-window-bottom">
              <div class="method">
                <div class="method-content">
                  <a name="SearchPrepay(CH)">
                  </a> <!-- SearchPrepay(CH) -->
                  <span class="method-name">SearchPrepay</span>
                  <span class="parameters">(CH)</span>
                  <div class="stack-trace"><b>"java.lang.NullPointerException
	at lib.ExcelDataConfig.&lt;init&gt;(ExcelDataConfig.java:31)
	at Search_MyAdmin.Search_Prepay.SearchPrepay(Search_Prepay.java:51)
... Removed 24 stack frames<br/> java.lang.NullPointerException
	at lib.ExcelDataConfig.&lt;init&gt;(ExcelDataConfig.java:31)
	at Search_MyAdmin.Search_Prepay.SearchPrepay(Search_Prepay.java:51)
	at java.base/jdk.internal.reflect.NativeMethodAccessorImpl.invoke0(Native Method)
	at java.base/jdk.internal.reflect.NativeMethodAccessorImpl.invoke(Unknown Source)
	at java.base/jdk.internal.reflect.DelegatingMethodAccessorImpl.invoke(Unknown Source)
	at java.base/java.lang.reflect.Method.invoke(Unknown Source)
	at org.testng.internal.MethodInvocationHelper.invokeMethod(MethodInvocationHelper.java:80)
	at org.testng.internal.Invoker.invokeMethod(Invoker.java:714)
	at org.testng.internal.Invoker.invokeTestMethod(Invoker.java:901)
	at org.testng.internal.Invoker.invokeTestMethods(Invoker.java:1231)
	at org.testng.internal.TestMethodWorker.invokeTestMethods(TestMethodWorker.java:127)
	at org.testng.internal.TestMethodWorker.run(TestMethodWorker.java:111)
	at org.testng.TestRunner.privateRun(TestRunner.java:767)
	at org.testng.TestRunner.run(TestRunner.java:617)
	at org.testng.SuiteRunner.runTest(SuiteRunner.java:334)
	at org.testng.SuiteRunner.runSequentially(SuiteRunner.java:329)
	at org.testng.SuiteRunner.privateRun(SuiteRunner.java:291)
	at org.testng.SuiteRunner.run(SuiteRunner.java:240)
	at org.testng.SuiteRunnerWorker.runSuite(SuiteRunnerWorker.java:52)
	at org.testng.SuiteRunnerWorker.run(SuiteRunnerWorker.java:86)
	at org.testng.TestNG.runSuitesSequentially(TestNG.java:1198)
	at org.testng.TestNG.runSuitesLocally(TestNG.java:1123)
	at org.testng.TestNG.run(TestNG.java:1031)
	at org.testng.remote.AbstractRemoteTestNG.run(AbstractRemoteTestNG.java:114)
	at org.testng.remote.RemoteTestNG.initAndRun(RemoteTestNG.java:251)
	at org.testng.remote.RemoteTestNG.main(RemoteTestNG.java:77)
"</b><br>lib.ExcelDataConfig.<init>(ExcelDataConfig.java:31)<br>Search_MyAdmin.Search_Prepay.SearchPrepay(Search_Prepay.java:51)<br>java.base/jdk.internal.reflect.NativeMethodAccessorImpl.invoke0(Native Method)<br>java.base/jdk.internal.reflect.NativeMethodAccessorImpl.invoke(Unknown Source)<br>java.base/jdk.internal.reflect.DelegatingMethodAccessorImpl.invoke(Unknown Source)<br>java.base/java.lang.reflect.Method.invoke(Unknown Source)<br>org.testng.internal.MethodInvocationHelper.invokeMethod(MethodInvocationHelper.java:80)<br>org.testng.internal.Invoker.invokeMethod(Invoker.java:714)<br>org.testng.internal.Invoker.invokeTestMethod(Invoker.java:901)<br>org.testng.internal.Invoker.invokeTestMethods(Invoker.java:1231)<br>org.testng.internal.TestMethodWorker.invokeTestMethods(TestMethodWorker.java:127)<br>org.testng.internal.TestMethodWorker.run(TestMethodWorker.java:111)<br>org.testng.TestRunner.privateRun(TestRunner.java:767)<br>org.testng.TestRunner.run(TestRunner.java:617)<br>org.testng.SuiteRunner.runTest(SuiteRunner.java:334)<br>org.testng.SuiteRunner.runSequentially(SuiteRunner.java:329)<br>org.testng.SuiteRunner.privateRun(SuiteRunner.java:291)<br>org.testng.SuiteRunner.run(SuiteRunner.java:240)<br>org.testng.SuiteRunnerWorker.runSuite(SuiteRunnerWorker.java:52)<br>org.testng.SuiteRunnerWorker.run(SuiteRunnerWorker.java:86)<br>org.testng.TestNG.runSuitesSequentially(TestNG.java:1198)<br>org.testng.TestNG.runSuitesLocally(TestNG.java:1123)<br>org.testng.TestNG.run(TestNG.java:1031)<br>org.testng.remote.AbstractRemoteTestNG.run(AbstractRemoteTestNG.java:114)<br>org.testng.remote.RemoteTestNG.initAndRun(RemoteTestNG.java:251)<br>org.testng.remote.RemoteTestNG.main(RemoteTestNG.java:77)<br>
</div> <!-- stack-trace -->
                </div> <!-- method-content -->
              </div> <!-- method -->
            </div> <!-- main-panel-content rounded-window-bottom -->
          </div> <!-- suite-SupplierSuite-class-failed -->
          <div class="suite-SupplierSuite-class-failed">
            <div class="main-panel-header rounded-window-top">
              <img src="failed.png"/>
              <span class="class-name">Booking_MyAdmin.Book_Prepay</span>
            </div> <!-- main-panel-header rounded-window-top -->
            <div class="main-panel-content rounded-window-bottom">
              <div class="method">
                <div class="method-content">
                  <a name="BookPrepay(CH)">
                  </a> <!-- BookPrepay(CH) -->
                  <span class="method-name">BookPrepay</span>
                  <span class="parameters">(CH)</span>
                  <div class="stack-trace"><b>"java.lang.NullPointerException
	at lib.ExcelDataConfig.&lt;init&gt;(ExcelDataConfig.java:31)
	at Booking_MyAdmin.Book_Prepay.BookPrepay(Book_Prepay.java:53)
... Removed 24 stack frames<br/> java.lang.NullPointerException
	at lib.ExcelDataConfig.&lt;init&gt;(ExcelDataConfig.java:31)
	at Booking_MyAdmin.Book_Prepay.BookPrepay(Book_Prepay.java:53)
	at java.base/jdk.internal.reflect.NativeMethodAccessorImpl.invoke0(Native Method)
	at java.base/jdk.internal.reflect.NativeMethodAccessorImpl.invoke(Unknown Source)
	at java.base/jdk.internal.reflect.DelegatingMethodAccessorImpl.invoke(Unknown Source)
	at java.base/java.lang.reflect.Method.invoke(Unknown Source)
	at org.testng.internal.MethodInvocationHelper.invokeMethod(MethodInvocationHelper.java:80)
	at org.testng.internal.Invoker.invokeMethod(Invoker.java:714)
	at org.testng.internal.Invoker.invokeTestMethod(Invoker.java:901)
	at org.testng.internal.Invoker.invokeTestMethods(Invoker.java:1231)
	at org.testng.internal.TestMethodWorker.invokeTestMethods(TestMethodWorker.java:127)
	at org.testng.internal.TestMethodWorker.run(TestMethodWorker.java:111)
	at org.testng.TestRunner.privateRun(TestRunner.java:767)
	at org.testng.TestRunner.run(TestRunner.java:617)
	at org.testng.SuiteRunner.runTest(SuiteRunner.java:334)
	at org.testng.SuiteRunner.runSequentially(SuiteRunner.java:329)
	at org.testng.SuiteRunner.privateRun(SuiteRunner.java:291)
	at org.testng.SuiteRunner.run(SuiteRunner.java:240)
	at org.testng.SuiteRunnerWorker.runSuite(SuiteRunnerWorker.java:52)
	at org.testng.SuiteRunnerWorker.run(SuiteRunnerWorker.java:86)
	at org.testng.TestNG.runSuitesSequentially(TestNG.java:1198)
	at org.testng.TestNG.runSuitesLocally(TestNG.java:1123)
	at org.testng.TestNG.run(TestNG.java:1031)
	at org.testng.remote.AbstractRemoteTestNG.run(AbstractRemoteTestNG.java:114)
	at org.testng.remote.RemoteTestNG.initAndRun(RemoteTestNG.java:251)
	at org.testng.remote.RemoteTestNG.main(RemoteTestNG.java:77)
"</b><br>lib.ExcelDataConfig.<init>(ExcelDataConfig.java:31)<br>Booking_MyAdmin.Book_Prepay.BookPrepay(Book_Prepay.java:53)<br>java.base/jdk.internal.reflect.NativeMethodAccessorImpl.invoke0(Native Method)<br>java.base/jdk.internal.reflect.NativeMethodAccessorImpl.invoke(Unknown Source)<br>java.base/jdk.internal.reflect.DelegatingMethodAccessorImpl.invoke(Unknown Source)<br>java.base/java.lang.reflect.Method.invoke(Unknown Source)<br>org.testng.internal.MethodInvocationHelper.invokeMethod(MethodInvocationHelper.java:80)<br>org.testng.internal.Invoker.invokeMethod(Invoker.java:714)<br>org.testng.internal.Invoker.invokeTestMethod(Invoker.java:901)<br>org.testng.internal.Invoker.invokeTestMethods(Invoker.java:1231)<br>org.testng.internal.TestMethodWorker.invokeTestMethods(TestMethodWorker.java:127)<br>org.testng.internal.TestMethodWorker.run(TestMethodWorker.java:111)<br>org.testng.TestRunner.privateRun(TestRunner.java:767)<br>org.testng.TestRunner.run(TestRunner.java:617)<br>org.testng.SuiteRunner.runTest(SuiteRunner.java:334)<br>org.testng.SuiteRunner.runSequentially(SuiteRunner.java:329)<br>org.testng.SuiteRunner.privateRun(SuiteRunner.java:291)<br>org.testng.SuiteRunner.run(SuiteRunner.java:240)<br>org.testng.SuiteRunnerWorker.runSuite(SuiteRunnerWorker.java:52)<br>org.testng.SuiteRunnerWorker.run(SuiteRunnerWorker.java:86)<br>org.testng.TestNG.runSuitesSequentially(TestNG.java:1198)<br>org.testng.TestNG.runSuitesLocally(TestNG.java:1123)<br>org.testng.TestNG.run(TestNG.java:1031)<br>org.testng.remote.AbstractRemoteTestNG.run(AbstractRemoteTestNG.java:114)<br>org.testng.remote.RemoteTestNG.initAndRun(RemoteTestNG.java:251)<br>org.testng.remote.RemoteTestNG.main(RemoteTestNG.java:77)<br>
</div> <!-- stack-trace -->
                </div> <!-- method-content -->
              </div> <!-- method -->
            </div> <!-- main-panel-content rounded-window-bottom -->
          </div> <!-- suite-SupplierSuite-class-failed -->
          <div class="suite-SupplierSuite-class-failed">
            <div class="main-panel-header rounded-window-top">
              <img src="failed.png"/>
              <span class="class-name">Search_MyAdmin.Search_Credit_Within_Deadline</span>
            </div> <!-- main-panel-header rounded-window-top -->
            <div class="main-panel-content rounded-window-bottom">
              <div class="method">
                <div class="method-content">
                  <a name="SearchCreditWithinDeadline(CH)">
                  </a> <!-- SearchCreditWithinDeadline(CH) -->
                  <span class="method-name">SearchCreditWithinDeadline</span>
                  <span class="parameters">(CH)</span>
                  <div class="stack-trace"><b>"java.lang.NullPointerException
	at lib.ExcelDataConfig.&lt;init&gt;(ExcelDataConfig.java:31)
	at Search_MyAdmin.Search_Credit_Within_Deadline.SearchCreditWithinDeadline(Search_Credit_Within_Deadline.java:50)
... Removed 24 stack frames<br/> java.lang.NullPointerException
	at lib.ExcelDataConfig.&lt;init&gt;(ExcelDataConfig.java:31)
	at Search_MyAdmin.Search_Credit_Within_Deadline.SearchCreditWithinDeadline(Search_Credit_Within_Deadline.java:50)
	at java.base/jdk.internal.reflect.NativeMethodAccessorImpl.invoke0(Native Method)
	at java.base/jdk.internal.reflect.NativeMethodAccessorImpl.invoke(Unknown Source)
	at java.base/jdk.internal.reflect.DelegatingMethodAccessorImpl.invoke(Unknown Source)
	at java.base/java.lang.reflect.Method.invoke(Unknown Source)
	at org.testng.internal.MethodInvocationHelper.invokeMethod(MethodInvocationHelper.java:80)
	at org.testng.internal.Invoker.invokeMethod(Invoker.java:714)
	at org.testng.internal.Invoker.invokeTestMethod(Invoker.java:901)
	at org.testng.internal.Invoker.invokeTestMethods(Invoker.java:1231)
	at org.testng.internal.TestMethodWorker.invokeTestMethods(TestMethodWorker.java:127)
	at org.testng.internal.TestMethodWorker.run(TestMethodWorker.java:111)
	at org.testng.TestRunner.privateRun(TestRunner.java:767)
	at org.testng.TestRunner.run(TestRunner.java:617)
	at org.testng.SuiteRunner.runTest(SuiteRunner.java:334)
	at org.testng.SuiteRunner.runSequentially(SuiteRunner.java:329)
	at org.testng.SuiteRunner.privateRun(SuiteRunner.java:291)
	at org.testng.SuiteRunner.run(SuiteRunner.java:240)
	at org.testng.SuiteRunnerWorker.runSuite(SuiteRunnerWorker.java:52)
	at org.testng.SuiteRunnerWorker.run(SuiteRunnerWorker.java:86)
	at org.testng.TestNG.runSuitesSequentially(TestNG.java:1198)
	at org.testng.TestNG.runSuitesLocally(TestNG.java:1123)
	at org.testng.TestNG.run(TestNG.java:1031)
	at org.testng.remote.AbstractRemoteTestNG.run(AbstractRemoteTestNG.java:114)
	at org.testng.remote.RemoteTestNG.initAndRun(RemoteTestNG.java:251)
	at org.testng.remote.RemoteTestNG.main(RemoteTestNG.java:77)
"</b><br>lib.ExcelDataConfig.<init>(ExcelDataConfig.java:31)<br>Search_MyAdmin.Search_Credit_Within_Deadline.SearchCreditWithinDeadline(Search_Credit_Within_Deadline.java:50)<br>java.base/jdk.internal.reflect.NativeMethodAccessorImpl.invoke0(Native Method)<br>java.base/jdk.internal.reflect.NativeMethodAccessorImpl.invoke(Unknown Source)<br>java.base/jdk.internal.reflect.DelegatingMethodAccessorImpl.invoke(Unknown Source)<br>java.base/java.lang.reflect.Method.invoke(Unknown Source)<br>org.testng.internal.MethodInvocationHelper.invokeMethod(MethodInvocationHelper.java:80)<br>org.testng.internal.Invoker.invokeMethod(Invoker.java:714)<br>org.testng.internal.Invoker.invokeTestMethod(Invoker.java:901)<br>org.testng.internal.Invoker.invokeTestMethods(Invoker.java:1231)<br>org.testng.internal.TestMethodWorker.invokeTestMethods(TestMethodWorker.java:127)<br>org.testng.internal.TestMethodWorker.run(TestMethodWorker.java:111)<br>org.testng.TestRunner.privateRun(TestRunner.java:767)<br>org.testng.TestRunner.run(TestRunner.java:617)<br>org.testng.SuiteRunner.runTest(SuiteRunner.java:334)<br>org.testng.SuiteRunner.runSequentially(SuiteRunner.java:329)<br>org.testng.SuiteRunner.privateRun(SuiteRunner.java:291)<br>org.testng.SuiteRunner.run(SuiteRunner.java:240)<br>org.testng.SuiteRunnerWorker.runSuite(SuiteRunnerWorker.java:52)<br>org.testng.SuiteRunnerWorker.run(SuiteRunnerWorker.java:86)<br>org.testng.TestNG.runSuitesSequentially(TestNG.java:1198)<br>org.testng.TestNG.runSuitesLocally(TestNG.java:1123)<br>org.testng.TestNG.run(TestNG.java:1031)<br>org.testng.remote.AbstractRemoteTestNG.run(AbstractRemoteTestNG.java:114)<br>org.testng.remote.RemoteTestNG.initAndRun(RemoteTestNG.java:251)<br>org.testng.remote.RemoteTestNG.main(RemoteTestNG.java:77)<br>
</div> <!-- stack-trace -->
                </div> <!-- method-content -->
              </div> <!-- method -->
            </div> <!-- main-panel-content rounded-window-bottom -->
          </div> <!-- suite-SupplierSuite-class-failed -->
          <div class="suite-SupplierSuite-class-failed">
            <div class="main-panel-header rounded-window-top">
              <img src="failed.png"/>
              <span class="class-name">Booking_MyAdmin.Book_Credit_Card</span>
            </div> <!-- main-panel-header rounded-window-top -->
            <div class="main-panel-content rounded-window-bottom">
              <div class="method">
                <div class="method-content">
                  <a name="BookCreditCard(CH)">
                  </a> <!-- BookCreditCard(CH) -->
                  <span class="method-name">BookCreditCard</span>
                  <span class="parameters">(CH)</span>
                  <div class="stack-trace"><b>"java.lang.NullPointerException
	at lib.ExcelDataConfig.&lt;init&gt;(ExcelDataConfig.java:31)
	at Booking_MyAdmin.Book_Credit_Card.BookCreditCard(Book_Credit_Card.java:53)
... Removed 24 stack frames<br/> java.lang.NullPointerException
	at lib.ExcelDataConfig.&lt;init&gt;(ExcelDataConfig.java:31)
	at Booking_MyAdmin.Book_Credit_Card.BookCreditCard(Book_Credit_Card.java:53)
	at java.base/jdk.internal.reflect.NativeMethodAccessorImpl.invoke0(Native Method)
	at java.base/jdk.internal.reflect.NativeMethodAccessorImpl.invoke(Unknown Source)
	at java.base/jdk.internal.reflect.DelegatingMethodAccessorImpl.invoke(Unknown Source)
	at java.base/java.lang.reflect.Method.invoke(Unknown Source)
	at org.testng.internal.MethodInvocationHelper.invokeMethod(MethodInvocationHelper.java:80)
	at org.testng.internal.Invoker.invokeMethod(Invoker.java:714)
	at org.testng.internal.Invoker.invokeTestMethod(Invoker.java:901)
	at org.testng.internal.Invoker.invokeTestMethods(Invoker.java:1231)
	at org.testng.internal.TestMethodWorker.invokeTestMethods(TestMethodWorker.java:127)
	at org.testng.internal.TestMethodWorker.run(TestMethodWorker.java:111)
	at org.testng.TestRunner.privateRun(TestRunner.java:767)
	at org.testng.TestRunner.run(TestRunner.java:617)
	at org.testng.SuiteRunner.runTest(SuiteRunner.java:334)
	at org.testng.SuiteRunner.runSequentially(SuiteRunner.java:329)
	at org.testng.SuiteRunner.privateRun(SuiteRunner.java:291)
	at org.testng.SuiteRunner.run(SuiteRunner.java:240)
	at org.testng.SuiteRunnerWorker.runSuite(SuiteRunnerWorker.java:52)
	at org.testng.SuiteRunnerWorker.run(SuiteRunnerWorker.java:86)
	at org.testng.TestNG.runSuitesSequentially(TestNG.java:1198)
	at org.testng.TestNG.runSuitesLocally(TestNG.java:1123)
	at org.testng.TestNG.run(TestNG.java:1031)
	at org.testng.remote.AbstractRemoteTestNG.run(AbstractRemoteTestNG.java:114)
	at org.testng.remote.RemoteTestNG.initAndRun(RemoteTestNG.java:251)
	at org.testng.remote.RemoteTestNG.main(RemoteTestNG.java:77)
"</b><br>lib.ExcelDataConfig.<init>(ExcelDataConfig.java:31)<br>Booking_MyAdmin.Book_Credit_Card.BookCreditCard(Book_Credit_Card.java:53)<br>java.base/jdk.internal.reflect.NativeMethodAccessorImpl.invoke0(Native Method)<br>java.base/jdk.internal.reflect.NativeMethodAccessorImpl.invoke(Unknown Source)<br>java.base/jdk.internal.reflect.DelegatingMethodAccessorImpl.invoke(Unknown Source)<br>java.base/java.lang.reflect.Method.invoke(Unknown Source)<br>org.testng.internal.MethodInvocationHelper.invokeMethod(MethodInvocationHelper.java:80)<br>org.testng.internal.Invoker.invokeMethod(Invoker.java:714)<br>org.testng.internal.Invoker.invokeTestMethod(Invoker.java:901)<br>org.testng.internal.Invoker.invokeTestMethods(Invoker.java:1231)<br>org.testng.internal.TestMethodWorker.invokeTestMethods(TestMethodWorker.java:127)<br>org.testng.internal.TestMethodWorker.run(TestMethodWorker.java:111)<br>org.testng.TestRunner.privateRun(TestRunner.java:767)<br>org.testng.TestRunner.run(TestRunner.java:617)<br>org.testng.SuiteRunner.runTest(SuiteRunner.java:334)<br>org.testng.SuiteRunner.runSequentially(SuiteRunner.java:329)<br>org.testng.SuiteRunner.privateRun(SuiteRunner.java:291)<br>org.testng.SuiteRunner.run(SuiteRunner.java:240)<br>org.testng.SuiteRunnerWorker.runSuite(SuiteRunnerWorker.java:52)<br>org.testng.SuiteRunnerWorker.run(SuiteRunnerWorker.java:86)<br>org.testng.TestNG.runSuitesSequentially(TestNG.java:1198)<br>org.testng.TestNG.runSuitesLocally(TestNG.java:1123)<br>org.testng.TestNG.run(TestNG.java:1031)<br>org.testng.remote.AbstractRemoteTestNG.run(AbstractRemoteTestNG.java:114)<br>org.testng.remote.RemoteTestNG.initAndRun(RemoteTestNG.java:251)<br>org.testng.remote.RemoteTestNG.main(RemoteTestNG.java:77)<br>
</div> <!-- stack-trace -->
                </div> <!-- method-content -->
              </div> <!-- method -->
            </div> <!-- main-panel-content rounded-window-bottom -->
          </div> <!-- suite-SupplierSuite-class-failed -->
          <div class="suite-SupplierSuite-class-failed">
            <div class="main-panel-header rounded-window-top">
              <img src="failed.png"/>
              <span class="class-name">Booking_MyAdmin.Book_Credit</span>
            </div> <!-- main-panel-header rounded-window-top -->
            <div class="main-panel-content rounded-window-bottom">
              <div class="method">
                <div class="method-content">
                  <a name="BookCredit(CH)">
                  </a> <!-- BookCredit(CH) -->
                  <span class="method-name">BookCredit</span>
                  <span class="parameters">(CH)</span>
                  <div class="stack-trace"><b>"java.lang.NullPointerException
	at lib.ExcelDataConfig.&lt;init&gt;(ExcelDataConfig.java:31)
	at Booking_MyAdmin.Book_Credit.BookCredit(Book_Credit.java:52)
... Removed 24 stack frames<br/> java.lang.NullPointerException
	at lib.ExcelDataConfig.&lt;init&gt;(ExcelDataConfig.java:31)
	at Booking_MyAdmin.Book_Credit.BookCredit(Book_Credit.java:52)
	at java.base/jdk.internal.reflect.NativeMethodAccessorImpl.invoke0(Native Method)
	at java.base/jdk.internal.reflect.NativeMethodAccessorImpl.invoke(Unknown Source)
	at java.base/jdk.internal.reflect.DelegatingMethodAccessorImpl.invoke(Unknown Source)
	at java.base/java.lang.reflect.Method.invoke(Unknown Source)
	at org.testng.internal.MethodInvocationHelper.invokeMethod(MethodInvocationHelper.java:80)
	at org.testng.internal.Invoker.invokeMethod(Invoker.java:714)
	at org.testng.internal.Invoker.invokeTestMethod(Invoker.java:901)
	at org.testng.internal.Invoker.invokeTestMethods(Invoker.java:1231)
	at org.testng.internal.TestMethodWorker.invokeTestMethods(TestMethodWorker.java:127)
	at org.testng.internal.TestMethodWorker.run(TestMethodWorker.java:111)
	at org.testng.TestRunner.privateRun(TestRunner.java:767)
	at org.testng.TestRunner.run(TestRunner.java:617)
	at org.testng.SuiteRunner.runTest(SuiteRunner.java:334)
	at org.testng.SuiteRunner.runSequentially(SuiteRunner.java:329)
	at org.testng.SuiteRunner.privateRun(SuiteRunner.java:291)
	at org.testng.SuiteRunner.run(SuiteRunner.java:240)
	at org.testng.SuiteRunnerWorker.runSuite(SuiteRunnerWorker.java:52)
	at org.testng.SuiteRunnerWorker.run(SuiteRunnerWorker.java:86)
	at org.testng.TestNG.runSuitesSequentially(TestNG.java:1198)
	at org.testng.TestNG.runSuitesLocally(TestNG.java:1123)
	at org.testng.TestNG.run(TestNG.java:1031)
	at org.testng.remote.AbstractRemoteTestNG.run(AbstractRemoteTestNG.java:114)
	at org.testng.remote.RemoteTestNG.initAndRun(RemoteTestNG.java:251)
	at org.testng.remote.RemoteTestNG.main(RemoteTestNG.java:77)
"</b><br>lib.ExcelDataConfig.<init>(ExcelDataConfig.java:31)<br>Booking_MyAdmin.Book_Credit.BookCredit(Book_Credit.java:52)<br>java.base/jdk.internal.reflect.NativeMethodAccessorImpl.invoke0(Native Method)<br>java.base/jdk.internal.reflect.NativeMethodAccessorImpl.invoke(Unknown Source)<br>java.base/jdk.internal.reflect.DelegatingMethodAccessorImpl.invoke(Unknown Source)<br>java.base/java.lang.reflect.Method.invoke(Unknown Source)<br>org.testng.internal.MethodInvocationHelper.invokeMethod(MethodInvocationHelper.java:80)<br>org.testng.internal.Invoker.invokeMethod(Invoker.java:714)<br>org.testng.internal.Invoker.invokeTestMethod(Invoker.java:901)<br>org.testng.internal.Invoker.invokeTestMethods(Invoker.java:1231)<br>org.testng.internal.TestMethodWorker.invokeTestMethods(TestMethodWorker.java:127)<br>org.testng.internal.TestMethodWorker.run(TestMethodWorker.java:111)<br>org.testng.TestRunner.privateRun(TestRunner.java:767)<br>org.testng.TestRunner.run(TestRunner.java:617)<br>org.testng.SuiteRunner.runTest(SuiteRunner.java:334)<br>org.testng.SuiteRunner.runSequentially(SuiteRunner.java:329)<br>org.testng.SuiteRunner.privateRun(SuiteRunner.java:291)<br>org.testng.SuiteRunner.run(SuiteRunner.java:240)<br>org.testng.SuiteRunnerWorker.runSuite(SuiteRunnerWorker.java:52)<br>org.testng.SuiteRunnerWorker.run(SuiteRunnerWorker.java:86)<br>org.testng.TestNG.runSuitesSequentially(TestNG.java:1198)<br>org.testng.TestNG.runSuitesLocally(TestNG.java:1123)<br>org.testng.TestNG.run(TestNG.java:1031)<br>org.testng.remote.AbstractRemoteTestNG.run(AbstractRemoteTestNG.java:114)<br>org.testng.remote.RemoteTestNG.initAndRun(RemoteTestNG.java:251)<br>org.testng.remote.RemoteTestNG.main(RemoteTestNG.java:77)<br>
</div> <!-- stack-trace -->
                </div> <!-- method-content -->
              </div> <!-- method -->
            </div> <!-- main-panel-content rounded-window-bottom -->
          </div> <!-- suite-SupplierSuite-class-failed -->
          <div class="suite-SupplierSuite-class-failed">
            <div class="main-panel-header rounded-window-top">
              <img src="failed.png"/>
              <span class="class-name">Search_MyAdmin.Search_Credit_Card_Within_Deadline</span>
            </div> <!-- main-panel-header rounded-window-top -->
            <div class="main-panel-content rounded-window-bottom">
              <div class="method">
                <div class="method-content">
                  <a name="SearchCreditCardWithinDeadline(CH)">
                  </a> <!-- SearchCreditCardWithinDeadline(CH) -->
                  <span class="method-name">SearchCreditCardWithinDeadline</span>
                  <span class="parameters">(CH)</span>
                  <div class="stack-trace"><b>"java.lang.NullPointerException
	at lib.ExcelDataConfig.&lt;init&gt;(ExcelDataConfig.java:31)
	at Search_MyAdmin.Search_Credit_Card_Within_Deadline.SearchCreditCardWithinDeadline(Search_Credit_Card_Within_Deadline.java:50)
... Removed 24 stack frames<br/> java.lang.NullPointerException
	at lib.ExcelDataConfig.&lt;init&gt;(ExcelDataConfig.java:31)
	at Search_MyAdmin.Search_Credit_Card_Within_Deadline.SearchCreditCardWithinDeadline(Search_Credit_Card_Within_Deadline.java:50)
	at java.base/jdk.internal.reflect.NativeMethodAccessorImpl.invoke0(Native Method)
	at java.base/jdk.internal.reflect.NativeMethodAccessorImpl.invoke(Unknown Source)
	at java.base/jdk.internal.reflect.DelegatingMethodAccessorImpl.invoke(Unknown Source)
	at java.base/java.lang.reflect.Method.invoke(Unknown Source)
	at org.testng.internal.MethodInvocationHelper.invokeMethod(MethodInvocationHelper.java:80)
	at org.testng.internal.Invoker.invokeMethod(Invoker.java:714)
	at org.testng.internal.Invoker.invokeTestMethod(Invoker.java:901)
	at org.testng.internal.Invoker.invokeTestMethods(Invoker.java:1231)
	at org.testng.internal.TestMethodWorker.invokeTestMethods(TestMethodWorker.java:127)
	at org.testng.internal.TestMethodWorker.run(TestMethodWorker.java:111)
	at org.testng.TestRunner.privateRun(TestRunner.java:767)
	at org.testng.TestRunner.run(TestRunner.java:617)
	at org.testng.SuiteRunner.runTest(SuiteRunner.java:334)
	at org.testng.SuiteRunner.runSequentially(SuiteRunner.java:329)
	at org.testng.SuiteRunner.privateRun(SuiteRunner.java:291)
	at org.testng.SuiteRunner.run(SuiteRunner.java:240)
	at org.testng.SuiteRunnerWorker.runSuite(SuiteRunnerWorker.java:52)
	at org.testng.SuiteRunnerWorker.run(SuiteRunnerWorker.java:86)
	at org.testng.TestNG.runSuitesSequentially(TestNG.java:1198)
	at org.testng.TestNG.runSuitesLocally(TestNG.java:1123)
	at org.testng.TestNG.run(TestNG.java:1031)
	at org.testng.remote.AbstractRemoteTestNG.run(AbstractRemoteTestNG.java:114)
	at org.testng.remote.RemoteTestNG.initAndRun(RemoteTestNG.java:251)
	at org.testng.remote.RemoteTestNG.main(RemoteTestNG.java:77)
"</b><br>lib.ExcelDataConfig.<init>(ExcelDataConfig.java:31)<br>Search_MyAdmin.Search_Credit_Card_Within_Deadline.SearchCreditCardWithinDeadline(Search_Credit_Card_Within_Deadline.java:50)<br>java.base/jdk.internal.reflect.NativeMethodAccessorImpl.invoke0(Native Method)<br>java.base/jdk.internal.reflect.NativeMethodAccessorImpl.invoke(Unknown Source)<br>java.base/jdk.internal.reflect.DelegatingMethodAccessorImpl.invoke(Unknown Source)<br>java.base/java.lang.reflect.Method.invoke(Unknown Source)<br>org.testng.internal.MethodInvocationHelper.invokeMethod(MethodInvocationHelper.java:80)<br>org.testng.internal.Invoker.invokeMethod(Invoker.java:714)<br>org.testng.internal.Invoker.invokeTestMethod(Invoker.java:901)<br>org.testng.internal.Invoker.invokeTestMethods(Invoker.java:1231)<br>org.testng.internal.TestMethodWorker.invokeTestMethods(TestMethodWorker.java:127)<br>org.testng.internal.TestMethodWorker.run(TestMethodWorker.java:111)<br>org.testng.TestRunner.privateRun(TestRunner.java:767)<br>org.testng.TestRunner.run(TestRunner.java:617)<br>org.testng.SuiteRunner.runTest(SuiteRunner.java:334)<br>org.testng.SuiteRunner.runSequentially(SuiteRunner.java:329)<br>org.testng.SuiteRunner.privateRun(SuiteRunner.java:291)<br>org.testng.SuiteRunner.run(SuiteRunner.java:240)<br>org.testng.SuiteRunnerWorker.runSuite(SuiteRunnerWorker.java:52)<br>org.testng.SuiteRunnerWorker.run(SuiteRunnerWorker.java:86)<br>org.testng.TestNG.runSuitesSequentially(TestNG.java:1198)<br>org.testng.TestNG.runSuitesLocally(TestNG.java:1123)<br>org.testng.TestNG.run(TestNG.java:1031)<br>org.testng.remote.AbstractRemoteTestNG.run(AbstractRemoteTestNG.java:114)<br>org.testng.remote.RemoteTestNG.initAndRun(RemoteTestNG.java:251)<br>org.testng.remote.RemoteTestNG.main(RemoteTestNG.java:77)<br>
</div> <!-- stack-trace -->
                </div> <!-- method-content -->
              </div> <!-- method -->
            </div> <!-- main-panel-content rounded-window-bottom -->
          </div> <!-- suite-SupplierSuite-class-failed -->
          <div class="suite-SupplierSuite-class-failed">
            <div class="main-panel-header rounded-window-top">
              <img src="failed.png"/>
              <span class="class-name">Booking_MyAdmin.Book_Credit_MultiSupplier</span>
            </div> <!-- main-panel-header rounded-window-top -->
            <div class="main-panel-content rounded-window-bottom">
              <div class="method">
                <div class="method-content">
                  <a name="BookCreditMultiSupplier(CH)">
                  </a> <!-- BookCreditMultiSupplier(CH) -->
                  <span class="method-name">BookCreditMultiSupplier</span>
                  <span class="parameters">(CH)</span>
                  <div class="stack-trace"><b>"java.lang.NullPointerException
	at lib.ExcelDataConfig.&lt;init&gt;(ExcelDataConfig.java:31)
	at Booking_MyAdmin.Book_Credit_MultiSupplier.BookCreditMultiSupplier(Book_Credit_MultiSupplier.java:53)
... Removed 24 stack frames<br/> java.lang.NullPointerException
	at lib.ExcelDataConfig.&lt;init&gt;(ExcelDataConfig.java:31)
	at Booking_MyAdmin.Book_Credit_MultiSupplier.BookCreditMultiSupplier(Book_Credit_MultiSupplier.java:53)
	at java.base/jdk.internal.reflect.NativeMethodAccessorImpl.invoke0(Native Method)
	at java.base/jdk.internal.reflect.NativeMethodAccessorImpl.invoke(Unknown Source)
	at java.base/jdk.internal.reflect.DelegatingMethodAccessorImpl.invoke(Unknown Source)
	at java.base/java.lang.reflect.Method.invoke(Unknown Source)
	at org.testng.internal.MethodInvocationHelper.invokeMethod(MethodInvocationHelper.java:80)
	at org.testng.internal.Invoker.invokeMethod(Invoker.java:714)
	at org.testng.internal.Invoker.invokeTestMethod(Invoker.java:901)
	at org.testng.internal.Invoker.invokeTestMethods(Invoker.java:1231)
	at org.testng.internal.TestMethodWorker.invokeTestMethods(TestMethodWorker.java:127)
	at org.testng.internal.TestMethodWorker.run(TestMethodWorker.java:111)
	at org.testng.TestRunner.privateRun(TestRunner.java:767)
	at org.testng.TestRunner.run(TestRunner.java:617)
	at org.testng.SuiteRunner.runTest(SuiteRunner.java:334)
	at org.testng.SuiteRunner.runSequentially(SuiteRunner.java:329)
	at org.testng.SuiteRunner.privateRun(SuiteRunner.java:291)
	at org.testng.SuiteRunner.run(SuiteRunner.java:240)
	at org.testng.SuiteRunnerWorker.runSuite(SuiteRunnerWorker.java:52)
	at org.testng.SuiteRunnerWorker.run(SuiteRunnerWorker.java:86)
	at org.testng.TestNG.runSuitesSequentially(TestNG.java:1198)
	at org.testng.TestNG.runSuitesLocally(TestNG.java:1123)
	at org.testng.TestNG.run(TestNG.java:1031)
	at org.testng.remote.AbstractRemoteTestNG.run(AbstractRemoteTestNG.java:114)
	at org.testng.remote.RemoteTestNG.initAndRun(RemoteTestNG.java:251)
	at org.testng.remote.RemoteTestNG.main(RemoteTestNG.java:77)
"</b><br>lib.ExcelDataConfig.<init>(ExcelDataConfig.java:31)<br>Booking_MyAdmin.Book_Credit_MultiSupplier.BookCreditMultiSupplier(Book_Credit_MultiSupplier.java:53)<br>java.base/jdk.internal.reflect.NativeMethodAccessorImpl.invoke0(Native Method)<br>java.base/jdk.internal.reflect.NativeMethodAccessorImpl.invoke(Unknown Source)<br>java.base/jdk.internal.reflect.DelegatingMethodAccessorImpl.invoke(Unknown Source)<br>java.base/java.lang.reflect.Method.invoke(Unknown Source)<br>org.testng.internal.MethodInvocationHelper.invokeMethod(MethodInvocationHelper.java:80)<br>org.testng.internal.Invoker.invokeMethod(Invoker.java:714)<br>org.testng.internal.Invoker.invokeTestMethod(Invoker.java:901)<br>org.testng.internal.Invoker.invokeTestMethods(Invoker.java:1231)<br>org.testng.internal.TestMethodWorker.invokeTestMethods(TestMethodWorker.java:127)<br>org.testng.internal.TestMethodWorker.run(TestMethodWorker.java:111)<br>org.testng.TestRunner.privateRun(TestRunner.java:767)<br>org.testng.TestRunner.run(TestRunner.java:617)<br>org.testng.SuiteRunner.runTest(SuiteRunner.java:334)<br>org.testng.SuiteRunner.runSequentially(SuiteRunner.java:329)<br>org.testng.SuiteRunner.privateRun(SuiteRunner.java:291)<br>org.testng.SuiteRunner.run(SuiteRunner.java:240)<br>org.testng.SuiteRunnerWorker.runSuite(SuiteRunnerWorker.java:52)<br>org.testng.SuiteRunnerWorker.run(SuiteRunnerWorker.java:86)<br>org.testng.TestNG.runSuitesSequentially(TestNG.java:1198)<br>org.testng.TestNG.runSuitesLocally(TestNG.java:1123)<br>org.testng.TestNG.run(TestNG.java:1031)<br>org.testng.remote.AbstractRemoteTestNG.run(AbstractRemoteTestNG.java:114)<br>org.testng.remote.RemoteTestNG.initAndRun(RemoteTestNG.java:251)<br>org.testng.remote.RemoteTestNG.main(RemoteTestNG.java:77)<br>
</div> <!-- stack-trace -->
                </div> <!-- method-content -->
              </div> <!-- method -->
            </div> <!-- main-panel-content rounded-window-bottom -->
          </div> <!-- suite-SupplierSuite-class-failed -->
          <div class="suite-SupplierSuite-class-failed">
            <div class="main-panel-header rounded-window-top">
              <img src="failed.png"/>
              <span class="class-name">Search_MyAdmin.Search_Credit_NFR</span>
            </div> <!-- main-panel-header rounded-window-top -->
            <div class="main-panel-content rounded-window-bottom">
              <div class="method">
                <div class="method-content">
                  <a name="SearchCreditNFR(CH)">
                  </a> <!-- SearchCreditNFR(CH) -->
                  <span class="method-name">SearchCreditNFR</span>
                  <span class="parameters">(CH)</span>
                  <div class="stack-trace"><b>"java.lang.NullPointerException
	at lib.ExcelDataConfig.&lt;init&gt;(ExcelDataConfig.java:31)
	at Search_MyAdmin.Search_Credit_NFR.SearchCreditNFR(Search_Credit_NFR.java:50)
... Removed 24 stack frames<br/> java.lang.NullPointerException
	at lib.ExcelDataConfig.&lt;init&gt;(ExcelDataConfig.java:31)
	at Search_MyAdmin.Search_Credit_NFR.SearchCreditNFR(Search_Credit_NFR.java:50)
	at java.base/jdk.internal.reflect.NativeMethodAccessorImpl.invoke0(Native Method)
	at java.base/jdk.internal.reflect.NativeMethodAccessorImpl.invoke(Unknown Source)
	at java.base/jdk.internal.reflect.DelegatingMethodAccessorImpl.invoke(Unknown Source)
	at java.base/java.lang.reflect.Method.invoke(Unknown Source)
	at org.testng.internal.MethodInvocationHelper.invokeMethod(MethodInvocationHelper.java:80)
	at org.testng.internal.Invoker.invokeMethod(Invoker.java:714)
	at org.testng.internal.Invoker.invokeTestMethod(Invoker.java:901)
	at org.testng.internal.Invoker.invokeTestMethods(Invoker.java:1231)
	at org.testng.internal.TestMethodWorker.invokeTestMethods(TestMethodWorker.java:127)
	at org.testng.internal.TestMethodWorker.run(TestMethodWorker.java:111)
	at org.testng.TestRunner.privateRun(TestRunner.java:767)
	at org.testng.TestRunner.run(TestRunner.java:617)
	at org.testng.SuiteRunner.runTest(SuiteRunner.java:334)
	at org.testng.SuiteRunner.runSequentially(SuiteRunner.java:329)
	at org.testng.SuiteRunner.privateRun(SuiteRunner.java:291)
	at org.testng.SuiteRunner.run(SuiteRunner.java:240)
	at org.testng.SuiteRunnerWorker.runSuite(SuiteRunnerWorker.java:52)
	at org.testng.SuiteRunnerWorker.run(SuiteRunnerWorker.java:86)
	at org.testng.TestNG.runSuitesSequentially(TestNG.java:1198)
	at org.testng.TestNG.runSuitesLocally(TestNG.java:1123)
	at org.testng.TestNG.run(TestNG.java:1031)
	at org.testng.remote.AbstractRemoteTestNG.run(AbstractRemoteTestNG.java:114)
	at org.testng.remote.RemoteTestNG.initAndRun(RemoteTestNG.java:251)
	at org.testng.remote.RemoteTestNG.main(RemoteTestNG.java:77)
"</b><br>lib.ExcelDataConfig.<init>(ExcelDataConfig.java:31)<br>Search_MyAdmin.Search_Credit_NFR.SearchCreditNFR(Search_Credit_NFR.java:50)<br>java.base/jdk.internal.reflect.NativeMethodAccessorImpl.invoke0(Native Method)<br>java.base/jdk.internal.reflect.NativeMethodAccessorImpl.invoke(Unknown Source)<br>java.base/jdk.internal.reflect.DelegatingMethodAccessorImpl.invoke(Unknown Source)<br>java.base/java.lang.reflect.Method.invoke(Unknown Source)<br>org.testng.internal.MethodInvocationHelper.invokeMethod(MethodInvocationHelper.java:80)<br>org.testng.internal.Invoker.invokeMethod(Invoker.java:714)<br>org.testng.internal.Invoker.invokeTestMethod(Invoker.java:901)<br>org.testng.internal.Invoker.invokeTestMethods(Invoker.java:1231)<br>org.testng.internal.TestMethodWorker.invokeTestMethods(TestMethodWorker.java:127)<br>org.testng.internal.TestMethodWorker.run(TestMethodWorker.java:111)<br>org.testng.TestRunner.privateRun(TestRunner.java:767)<br>org.testng.TestRunner.run(TestRunner.java:617)<br>org.testng.SuiteRunner.runTest(SuiteRunner.java:334)<br>org.testng.SuiteRunner.runSequentially(SuiteRunner.java:329)<br>org.testng.SuiteRunner.privateRun(SuiteRunner.java:291)<br>org.testng.SuiteRunner.run(SuiteRunner.java:240)<br>org.testng.SuiteRunnerWorker.runSuite(SuiteRunnerWorker.java:52)<br>org.testng.SuiteRunnerWorker.run(SuiteRunnerWorker.java:86)<br>org.testng.TestNG.runSuitesSequentially(TestNG.java:1198)<br>org.testng.TestNG.runSuitesLocally(TestNG.java:1123)<br>org.testng.TestNG.run(TestNG.java:1031)<br>org.testng.remote.AbstractRemoteTestNG.run(AbstractRemoteTestNG.java:114)<br>org.testng.remote.RemoteTestNG.initAndRun(RemoteTestNG.java:251)<br>org.testng.remote.RemoteTestNG.main(RemoteTestNG.java:77)<br>
</div> <!-- stack-trace -->
                </div> <!-- method-content -->
              </div> <!-- method -->
            </div> <!-- main-panel-content rounded-window-bottom -->
          </div> <!-- suite-SupplierSuite-class-failed -->
          <div class="suite-SupplierSuite-class-failed">
            <div class="main-panel-header rounded-window-top">
              <img src="failed.png"/>
              <span class="class-name">Search_MyAdmin.Search_Credit_Card_NFR</span>
            </div> <!-- main-panel-header rounded-window-top -->
            <div class="main-panel-content rounded-window-bottom">
              <div class="method">
                <div class="method-content">
                  <a name="SearchCreditCardNFR(CH)">
                  </a> <!-- SearchCreditCardNFR(CH) -->
                  <span class="method-name">SearchCreditCardNFR</span>
                  <span class="parameters">(CH)</span>
                  <div class="stack-trace"><b>"java.lang.NullPointerException
	at lib.ExcelDataConfig.&lt;init&gt;(ExcelDataConfig.java:31)
	at Search_MyAdmin.Search_Credit_Card_NFR.SearchCreditCardNFR(Search_Credit_Card_NFR.java:50)
... Removed 24 stack frames<br/> java.lang.NullPointerException
	at lib.ExcelDataConfig.&lt;init&gt;(ExcelDataConfig.java:31)
	at Search_MyAdmin.Search_Credit_Card_NFR.SearchCreditCardNFR(Search_Credit_Card_NFR.java:50)
	at java.base/jdk.internal.reflect.NativeMethodAccessorImpl.invoke0(Native Method)
	at java.base/jdk.internal.reflect.NativeMethodAccessorImpl.invoke(Unknown Source)
	at java.base/jdk.internal.reflect.DelegatingMethodAccessorImpl.invoke(Unknown Source)
	at java.base/java.lang.reflect.Method.invoke(Unknown Source)
	at org.testng.internal.MethodInvocationHelper.invokeMethod(MethodInvocationHelper.java:80)
	at org.testng.internal.Invoker.invokeMethod(Invoker.java:714)
	at org.testng.internal.Invoker.invokeTestMethod(Invoker.java:901)
	at org.testng.internal.Invoker.invokeTestMethods(Invoker.java:1231)
	at org.testng.internal.TestMethodWorker.invokeTestMethods(TestMethodWorker.java:127)
	at org.testng.internal.TestMethodWorker.run(TestMethodWorker.java:111)
	at org.testng.TestRunner.privateRun(TestRunner.java:767)
	at org.testng.TestRunner.run(TestRunner.java:617)
	at org.testng.SuiteRunner.runTest(SuiteRunner.java:334)
	at org.testng.SuiteRunner.runSequentially(SuiteRunner.java:329)
	at org.testng.SuiteRunner.privateRun(SuiteRunner.java:291)
	at org.testng.SuiteRunner.run(SuiteRunner.java:240)
	at org.testng.SuiteRunnerWorker.runSuite(SuiteRunnerWorker.java:52)
	at org.testng.SuiteRunnerWorker.run(SuiteRunnerWorker.java:86)
	at org.testng.TestNG.runSuitesSequentially(TestNG.java:1198)
	at org.testng.TestNG.runSuitesLocally(TestNG.java:1123)
	at org.testng.TestNG.run(TestNG.java:1031)
	at org.testng.remote.AbstractRemoteTestNG.run(AbstractRemoteTestNG.java:114)
	at org.testng.remote.RemoteTestNG.initAndRun(RemoteTestNG.java:251)
	at org.testng.remote.RemoteTestNG.main(RemoteTestNG.java:77)
"</b><br>lib.ExcelDataConfig.<init>(ExcelDataConfig.java:31)<br>Search_MyAdmin.Search_Credit_Card_NFR.SearchCreditCardNFR(Search_Credit_Card_NFR.java:50)<br>java.base/jdk.internal.reflect.NativeMethodAccessorImpl.invoke0(Native Method)<br>java.base/jdk.internal.reflect.NativeMethodAccessorImpl.invoke(Unknown Source)<br>java.base/jdk.internal.reflect.DelegatingMethodAccessorImpl.invoke(Unknown Source)<br>java.base/java.lang.reflect.Method.invoke(Unknown Source)<br>org.testng.internal.MethodInvocationHelper.invokeMethod(MethodInvocationHelper.java:80)<br>org.testng.internal.Invoker.invokeMethod(Invoker.java:714)<br>org.testng.internal.Invoker.invokeTestMethod(Invoker.java:901)<br>org.testng.internal.Invoker.invokeTestMethods(Invoker.java:1231)<br>org.testng.internal.TestMethodWorker.invokeTestMethods(TestMethodWorker.java:127)<br>org.testng.internal.TestMethodWorker.run(TestMethodWorker.java:111)<br>org.testng.TestRunner.privateRun(TestRunner.java:767)<br>org.testng.TestRunner.run(TestRunner.java:617)<br>org.testng.SuiteRunner.runTest(SuiteRunner.java:334)<br>org.testng.SuiteRunner.runSequentially(SuiteRunner.java:329)<br>org.testng.SuiteRunner.privateRun(SuiteRunner.java:291)<br>org.testng.SuiteRunner.run(SuiteRunner.java:240)<br>org.testng.SuiteRunnerWorker.runSuite(SuiteRunnerWorker.java:52)<br>org.testng.SuiteRunnerWorker.run(SuiteRunnerWorker.java:86)<br>org.testng.TestNG.runSuitesSequentially(TestNG.java:1198)<br>org.testng.TestNG.runSuitesLocally(TestNG.java:1123)<br>org.testng.TestNG.run(TestNG.java:1031)<br>org.testng.remote.AbstractRemoteTestNG.run(AbstractRemoteTestNG.java:114)<br>org.testng.remote.RemoteTestNG.initAndRun(RemoteTestNG.java:251)<br>org.testng.remote.RemoteTestNG.main(RemoteTestNG.java:77)<br>
</div> <!-- stack-trace -->
                </div> <!-- method-content -->
              </div> <!-- method -->
            </div> <!-- main-panel-content rounded-window-bottom -->
          </div> <!-- suite-SupplierSuite-class-failed -->
          <div class="suite-SupplierSuite-class-failed">
            <div class="main-panel-header rounded-window-top">
              <img src="failed.png"/>
              <span class="class-name">Booking_MyAdmin.Book_Credit_Card_Saved_Itenary_NFR</span>
            </div> <!-- main-panel-header rounded-window-top -->
            <div class="main-panel-content rounded-window-bottom">
              <div class="method">
                <div class="method-content">
                  <a name="BookSavedITNCreditCardNFR(CH)">
                  </a> <!-- BookSavedITNCreditCardNFR(CH) -->
                  <span class="method-name">BookSavedITNCreditCardNFR</span>
                  <span class="parameters">(CH)</span>
                  <div class="stack-trace"><b>"java.lang.NullPointerException
	at lib.ExcelDataConfig.&lt;init&gt;(ExcelDataConfig.java:31)
	at Booking_MyAdmin.Book_Credit_Card_Saved_Itenary_NFR.BookSavedITNCreditCardNFR(Book_Credit_Card_Saved_Itenary_NFR.java:53)
... Removed 24 stack frames<br/> java.lang.NullPointerException
	at lib.ExcelDataConfig.&lt;init&gt;(ExcelDataConfig.java:31)
	at Booking_MyAdmin.Book_Credit_Card_Saved_Itenary_NFR.BookSavedITNCreditCardNFR(Book_Credit_Card_Saved_Itenary_NFR.java:53)
	at java.base/jdk.internal.reflect.NativeMethodAccessorImpl.invoke0(Native Method)
	at java.base/jdk.internal.reflect.NativeMethodAccessorImpl.invoke(Unknown Source)
	at java.base/jdk.internal.reflect.DelegatingMethodAccessorImpl.invoke(Unknown Source)
	at java.base/java.lang.reflect.Method.invoke(Unknown Source)
	at org.testng.internal.MethodInvocationHelper.invokeMethod(MethodInvocationHelper.java:80)
	at org.testng.internal.Invoker.invokeMethod(Invoker.java:714)
	at org.testng.internal.Invoker.invokeTestMethod(Invoker.java:901)
	at org.testng.internal.Invoker.invokeTestMethods(Invoker.java:1231)
	at org.testng.internal.TestMethodWorker.invokeTestMethods(TestMethodWorker.java:127)
	at org.testng.internal.TestMethodWorker.run(TestMethodWorker.java:111)
	at org.testng.TestRunner.privateRun(TestRunner.java:767)
	at org.testng.TestRunner.run(TestRunner.java:617)
	at org.testng.SuiteRunner.runTest(SuiteRunner.java:334)
	at org.testng.SuiteRunner.runSequentially(SuiteRunner.java:329)
	at org.testng.SuiteRunner.privateRun(SuiteRunner.java:291)
	at org.testng.SuiteRunner.run(SuiteRunner.java:240)
	at org.testng.SuiteRunnerWorker.runSuite(SuiteRunnerWorker.java:52)
	at org.testng.SuiteRunnerWorker.run(SuiteRunnerWorker.java:86)
	at org.testng.TestNG.runSuitesSequentially(TestNG.java:1198)
	at org.testng.TestNG.runSuitesLocally(TestNG.java:1123)
	at org.testng.TestNG.run(TestNG.java:1031)
	at org.testng.remote.AbstractRemoteTestNG.run(AbstractRemoteTestNG.java:114)
	at org.testng.remote.RemoteTestNG.initAndRun(RemoteTestNG.java:251)
	at org.testng.remote.RemoteTestNG.main(RemoteTestNG.java:77)
"</b><br>lib.ExcelDataConfig.<init>(ExcelDataConfig.java:31)<br>Booking_MyAdmin.Book_Credit_Card_Saved_Itenary_NFR.BookSavedITNCreditCardNFR(Book_Credit_Card_Saved_Itenary_NFR.java:53)<br>java.base/jdk.internal.reflect.NativeMethodAccessorImpl.invoke0(Native Method)<br>java.base/jdk.internal.reflect.NativeMethodAccessorImpl.invoke(Unknown Source)<br>java.base/jdk.internal.reflect.DelegatingMethodAccessorImpl.invoke(Unknown Source)<br>java.base/java.lang.reflect.Method.invoke(Unknown Source)<br>org.testng.internal.MethodInvocationHelper.invokeMethod(MethodInvocationHelper.java:80)<br>org.testng.internal.Invoker.invokeMethod(Invoker.java:714)<br>org.testng.internal.Invoker.invokeTestMethod(Invoker.java:901)<br>org.testng.internal.Invoker.invokeTestMethods(Invoker.java:1231)<br>org.testng.internal.TestMethodWorker.invokeTestMethods(TestMethodWorker.java:127)<br>org.testng.internal.TestMethodWorker.run(TestMethodWorker.java:111)<br>org.testng.TestRunner.privateRun(TestRunner.java:767)<br>org.testng.TestRunner.run(TestRunner.java:617)<br>org.testng.SuiteRunner.runTest(SuiteRunner.java:334)<br>org.testng.SuiteRunner.runSequentially(SuiteRunner.java:329)<br>org.testng.SuiteRunner.privateRun(SuiteRunner.java:291)<br>org.testng.SuiteRunner.run(SuiteRunner.java:240)<br>org.testng.SuiteRunnerWorker.runSuite(SuiteRunnerWorker.java:52)<br>org.testng.SuiteRunnerWorker.run(SuiteRunnerWorker.java:86)<br>org.testng.TestNG.runSuitesSequentially(TestNG.java:1198)<br>org.testng.TestNG.runSuitesLocally(TestNG.java:1123)<br>org.testng.TestNG.run(TestNG.java:1031)<br>org.testng.remote.AbstractRemoteTestNG.run(AbstractRemoteTestNG.java:114)<br>org.testng.remote.RemoteTestNG.initAndRun(RemoteTestNG.java:251)<br>org.testng.remote.RemoteTestNG.main(RemoteTestNG.java:77)<br>
</div> <!-- stack-trace -->
                </div> <!-- method-content -->
              </div> <!-- method -->
            </div> <!-- main-panel-content rounded-window-bottom -->
          </div> <!-- suite-SupplierSuite-class-failed -->
          <div class="suite-SupplierSuite-class-failed">
            <div class="main-panel-header rounded-window-top">
              <img src="failed.png"/>
              <span class="class-name">Search_MyAdmin.Search_Credit_Card</span>
            </div> <!-- main-panel-header rounded-window-top -->
            <div class="main-panel-content rounded-window-bottom">
              <div class="method">
                <div class="method-content">
                  <a name="SearchCreditCard(CH)">
                  </a> <!-- SearchCreditCard(CH) -->
                  <span class="method-name">SearchCreditCard</span>
                  <span class="parameters">(CH)</span>
                  <div class="stack-trace"><b>"java.lang.NullPointerException
	at lib.ExcelDataConfig.&lt;init&gt;(ExcelDataConfig.java:31)
	at Search_MyAdmin.Search_Credit_Card.SearchCreditCard(Search_Credit_Card.java:50)
... Removed 24 stack frames<br/> java.lang.NullPointerException
	at lib.ExcelDataConfig.&lt;init&gt;(ExcelDataConfig.java:31)
	at Search_MyAdmin.Search_Credit_Card.SearchCreditCard(Search_Credit_Card.java:50)
	at java.base/jdk.internal.reflect.NativeMethodAccessorImpl.invoke0(Native Method)
	at java.base/jdk.internal.reflect.NativeMethodAccessorImpl.invoke(Unknown Source)
	at java.base/jdk.internal.reflect.DelegatingMethodAccessorImpl.invoke(Unknown Source)
	at java.base/java.lang.reflect.Method.invoke(Unknown Source)
	at org.testng.internal.MethodInvocationHelper.invokeMethod(MethodInvocationHelper.java:80)
	at org.testng.internal.Invoker.invokeMethod(Invoker.java:714)
	at org.testng.internal.Invoker.invokeTestMethod(Invoker.java:901)
	at org.testng.internal.Invoker.invokeTestMethods(Invoker.java:1231)
	at org.testng.internal.TestMethodWorker.invokeTestMethods(TestMethodWorker.java:127)
	at org.testng.internal.TestMethodWorker.run(TestMethodWorker.java:111)
	at org.testng.TestRunner.privateRun(TestRunner.java:767)
	at org.testng.TestRunner.run(TestRunner.java:617)
	at org.testng.SuiteRunner.runTest(SuiteRunner.java:334)
	at org.testng.SuiteRunner.runSequentially(SuiteRunner.java:329)
	at org.testng.SuiteRunner.privateRun(SuiteRunner.java:291)
	at org.testng.SuiteRunner.run(SuiteRunner.java:240)
	at org.testng.SuiteRunnerWorker.runSuite(SuiteRunnerWorker.java:52)
	at org.testng.SuiteRunnerWorker.run(SuiteRunnerWorker.java:86)
	at org.testng.TestNG.runSuitesSequentially(TestNG.java:1198)
	at org.testng.TestNG.runSuitesLocally(TestNG.java:1123)
	at org.testng.TestNG.run(TestNG.java:1031)
	at org.testng.remote.AbstractRemoteTestNG.run(AbstractRemoteTestNG.java:114)
	at org.testng.remote.RemoteTestNG.initAndRun(RemoteTestNG.java:251)
	at org.testng.remote.RemoteTestNG.main(RemoteTestNG.java:77)
"</b><br>lib.ExcelDataConfig.<init>(ExcelDataConfig.java:31)<br>Search_MyAdmin.Search_Credit_Card.SearchCreditCard(Search_Credit_Card.java:50)<br>java.base/jdk.internal.reflect.NativeMethodAccessorImpl.invoke0(Native Method)<br>java.base/jdk.internal.reflect.NativeMethodAccessorImpl.invoke(Unknown Source)<br>java.base/jdk.internal.reflect.DelegatingMethodAccessorImpl.invoke(Unknown Source)<br>java.base/java.lang.reflect.Method.invoke(Unknown Source)<br>org.testng.internal.MethodInvocationHelper.invokeMethod(MethodInvocationHelper.java:80)<br>org.testng.internal.Invoker.invokeMethod(Invoker.java:714)<br>org.testng.internal.Invoker.invokeTestMethod(Invoker.java:901)<br>org.testng.internal.Invoker.invokeTestMethods(Invoker.java:1231)<br>org.testng.internal.TestMethodWorker.invokeTestMethods(TestMethodWorker.java:127)<br>org.testng.internal.TestMethodWorker.run(TestMethodWorker.java:111)<br>org.testng.TestRunner.privateRun(TestRunner.java:767)<br>org.testng.TestRunner.run(TestRunner.java:617)<br>org.testng.SuiteRunner.runTest(SuiteRunner.java:334)<br>org.testng.SuiteRunner.runSequentially(SuiteRunner.java:329)<br>org.testng.SuiteRunner.privateRun(SuiteRunner.java:291)<br>org.testng.SuiteRunner.run(SuiteRunner.java:240)<br>org.testng.SuiteRunnerWorker.runSuite(SuiteRunnerWorker.java:52)<br>org.testng.SuiteRunnerWorker.run(SuiteRunnerWorker.java:86)<br>org.testng.TestNG.runSuitesSequentially(TestNG.java:1198)<br>org.testng.TestNG.runSuitesLocally(TestNG.java:1123)<br>org.testng.TestNG.run(TestNG.java:1031)<br>org.testng.remote.AbstractRemoteTestNG.run(AbstractRemoteTestNG.java:114)<br>org.testng.remote.RemoteTestNG.initAndRun(RemoteTestNG.java:251)<br>org.testng.remote.RemoteTestNG.main(RemoteTestNG.java:77)<br>
</div> <!-- stack-trace -->
                </div> <!-- method-content -->
              </div> <!-- method -->
            </div> <!-- main-panel-content rounded-window-bottom -->
          </div> <!-- suite-SupplierSuite-class-failed -->
          <div class="suite-SupplierSuite-class-failed">
            <div class="main-panel-header rounded-window-top">
              <img src="failed.png"/>
              <span class="class-name">Booking_MyAdmin.Book_Credit_Card_MultiSupplier</span>
            </div> <!-- main-panel-header rounded-window-top -->
            <div class="main-panel-content rounded-window-bottom">
              <div class="method">
                <div class="method-content">
                  <a name="BookCreditCardMultiSupplier(CH)">
                  </a> <!-- BookCreditCardMultiSupplier(CH) -->
                  <span class="method-name">BookCreditCardMultiSupplier</span>
                  <span class="parameters">(CH)</span>
                  <div class="stack-trace"><b>"java.lang.NullPointerException
	at lib.ExcelDataConfig.&lt;init&gt;(ExcelDataConfig.java:31)
	at Booking_MyAdmin.Book_Credit_Card_MultiSupplier.BookCreditCardMultiSupplier(Book_Credit_Card_MultiSupplier.java:54)
... Removed 24 stack frames<br/> java.lang.NullPointerException
	at lib.ExcelDataConfig.&lt;init&gt;(ExcelDataConfig.java:31)
	at Booking_MyAdmin.Book_Credit_Card_MultiSupplier.BookCreditCardMultiSupplier(Book_Credit_Card_MultiSupplier.java:54)
	at java.base/jdk.internal.reflect.NativeMethodAccessorImpl.invoke0(Native Method)
	at java.base/jdk.internal.reflect.NativeMethodAccessorImpl.invoke(Unknown Source)
	at java.base/jdk.internal.reflect.DelegatingMethodAccessorImpl.invoke(Unknown Source)
	at java.base/java.lang.reflect.Method.invoke(Unknown Source)
	at org.testng.internal.MethodInvocationHelper.invokeMethod(MethodInvocationHelper.java:80)
	at org.testng.internal.Invoker.invokeMethod(Invoker.java:714)
	at org.testng.internal.Invoker.invokeTestMethod(Invoker.java:901)
	at org.testng.internal.Invoker.invokeTestMethods(Invoker.java:1231)
	at org.testng.internal.TestMethodWorker.invokeTestMethods(TestMethodWorker.java:127)
	at org.testng.internal.TestMethodWorker.run(TestMethodWorker.java:111)
	at org.testng.TestRunner.privateRun(TestRunner.java:767)
	at org.testng.TestRunner.run(TestRunner.java:617)
	at org.testng.SuiteRunner.runTest(SuiteRunner.java:334)
	at org.testng.SuiteRunner.runSequentially(SuiteRunner.java:329)
	at org.testng.SuiteRunner.privateRun(SuiteRunner.java:291)
	at org.testng.SuiteRunner.run(SuiteRunner.java:240)
	at org.testng.SuiteRunnerWorker.runSuite(SuiteRunnerWorker.java:52)
	at org.testng.SuiteRunnerWorker.run(SuiteRunnerWorker.java:86)
	at org.testng.TestNG.runSuitesSequentially(TestNG.java:1198)
	at org.testng.TestNG.runSuitesLocally(TestNG.java:1123)
	at org.testng.TestNG.run(TestNG.java:1031)
	at org.testng.remote.AbstractRemoteTestNG.run(AbstractRemoteTestNG.java:114)
	at org.testng.remote.RemoteTestNG.initAndRun(RemoteTestNG.java:251)
	at org.testng.remote.RemoteTestNG.main(RemoteTestNG.java:77)
"</b><br>lib.ExcelDataConfig.<init>(ExcelDataConfig.java:31)<br>Booking_MyAdmin.Book_Credit_Card_MultiSupplier.BookCreditCardMultiSupplier(Book_Credit_Card_MultiSupplier.java:54)<br>java.base/jdk.internal.reflect.NativeMethodAccessorImpl.invoke0(Native Method)<br>java.base/jdk.internal.reflect.NativeMethodAccessorImpl.invoke(Unknown Source)<br>java.base/jdk.internal.reflect.DelegatingMethodAccessorImpl.invoke(Unknown Source)<br>java.base/java.lang.reflect.Method.invoke(Unknown Source)<br>org.testng.internal.MethodInvocationHelper.invokeMethod(MethodInvocationHelper.java:80)<br>org.testng.internal.Invoker.invokeMethod(Invoker.java:714)<br>org.testng.internal.Invoker.invokeTestMethod(Invoker.java:901)<br>org.testng.internal.Invoker.invokeTestMethods(Invoker.java:1231)<br>org.testng.internal.TestMethodWorker.invokeTestMethods(TestMethodWorker.java:127)<br>org.testng.internal.TestMethodWorker.run(TestMethodWorker.java:111)<br>org.testng.TestRunner.privateRun(TestRunner.java:767)<br>org.testng.TestRunner.run(TestRunner.java:617)<br>org.testng.SuiteRunner.runTest(SuiteRunner.java:334)<br>org.testng.SuiteRunner.runSequentially(SuiteRunner.java:329)<br>org.testng.SuiteRunner.privateRun(SuiteRunner.java:291)<br>org.testng.SuiteRunner.run(SuiteRunner.java:240)<br>org.testng.SuiteRunnerWorker.runSuite(SuiteRunnerWorker.java:52)<br>org.testng.SuiteRunnerWorker.run(SuiteRunnerWorker.java:86)<br>org.testng.TestNG.runSuitesSequentially(TestNG.java:1198)<br>org.testng.TestNG.runSuitesLocally(TestNG.java:1123)<br>org.testng.TestNG.run(TestNG.java:1031)<br>org.testng.remote.AbstractRemoteTestNG.run(AbstractRemoteTestNG.java:114)<br>org.testng.remote.RemoteTestNG.initAndRun(RemoteTestNG.java:251)<br>org.testng.remote.RemoteTestNG.main(RemoteTestNG.java:77)<br>
</div> <!-- stack-trace -->
                </div> <!-- method-content -->
              </div> <!-- method -->
            </div> <!-- main-panel-content rounded-window-bottom -->
          </div> <!-- suite-SupplierSuite-class-failed -->
          <div class="suite-SupplierSuite-class-failed">
            <div class="main-panel-header rounded-window-top">
              <img src="failed.png"/>
              <span class="class-name">Search_MyAdmin.Search_Prepay_NFR</span>
            </div> <!-- main-panel-header rounded-window-top -->
            <div class="main-panel-content rounded-window-bottom">
              <div class="method">
                <div class="method-content">
                  <a name="SearchPrepayNFR(CH)">
                  </a> <!-- SearchPrepayNFR(CH) -->
                  <span class="method-name">SearchPrepayNFR</span>
                  <span class="parameters">(CH)</span>
                  <div class="stack-trace"><b>"java.lang.NullPointerException
	at lib.ExcelDataConfig.&lt;init&gt;(ExcelDataConfig.java:31)
	at Search_MyAdmin.Search_Prepay_NFR.SearchPrepayNFR(Search_Prepay_NFR.java:50)
... Removed 24 stack frames<br/> java.lang.NullPointerException
	at lib.ExcelDataConfig.&lt;init&gt;(ExcelDataConfig.java:31)
	at Search_MyAdmin.Search_Prepay_NFR.SearchPrepayNFR(Search_Prepay_NFR.java:50)
	at java.base/jdk.internal.reflect.NativeMethodAccessorImpl.invoke0(Native Method)
	at java.base/jdk.internal.reflect.NativeMethodAccessorImpl.invoke(Unknown Source)
	at java.base/jdk.internal.reflect.DelegatingMethodAccessorImpl.invoke(Unknown Source)
	at java.base/java.lang.reflect.Method.invoke(Unknown Source)
	at org.testng.internal.MethodInvocationHelper.invokeMethod(MethodInvocationHelper.java:80)
	at org.testng.internal.Invoker.invokeMethod(Invoker.java:714)
	at org.testng.internal.Invoker.invokeTestMethod(Invoker.java:901)
	at org.testng.internal.Invoker.invokeTestMethods(Invoker.java:1231)
	at org.testng.internal.TestMethodWorker.invokeTestMethods(TestMethodWorker.java:127)
	at org.testng.internal.TestMethodWorker.run(TestMethodWorker.java:111)
	at org.testng.TestRunner.privateRun(TestRunner.java:767)
	at org.testng.TestRunner.run(TestRunner.java:617)
	at org.testng.SuiteRunner.runTest(SuiteRunner.java:334)
	at org.testng.SuiteRunner.runSequentially(SuiteRunner.java:329)
	at org.testng.SuiteRunner.privateRun(SuiteRunner.java:291)
	at org.testng.SuiteRunner.run(SuiteRunner.java:240)
	at org.testng.SuiteRunnerWorker.runSuite(SuiteRunnerWorker.java:52)
	at org.testng.SuiteRunnerWorker.run(SuiteRunnerWorker.java:86)
	at org.testng.TestNG.runSuitesSequentially(TestNG.java:1198)
	at org.testng.TestNG.runSuitesLocally(TestNG.java:1123)
	at org.testng.TestNG.run(TestNG.java:1031)
	at org.testng.remote.AbstractRemoteTestNG.run(AbstractRemoteTestNG.java:114)
	at org.testng.remote.RemoteTestNG.initAndRun(RemoteTestNG.java:251)
	at org.testng.remote.RemoteTestNG.main(RemoteTestNG.java:77)
"</b><br>lib.ExcelDataConfig.<init>(ExcelDataConfig.java:31)<br>Search_MyAdmin.Search_Prepay_NFR.SearchPrepayNFR(Search_Prepay_NFR.java:50)<br>java.base/jdk.internal.reflect.NativeMethodAccessorImpl.invoke0(Native Method)<br>java.base/jdk.internal.reflect.NativeMethodAccessorImpl.invoke(Unknown Source)<br>java.base/jdk.internal.reflect.DelegatingMethodAccessorImpl.invoke(Unknown Source)<br>java.base/java.lang.reflect.Method.invoke(Unknown Source)<br>org.testng.internal.MethodInvocationHelper.invokeMethod(MethodInvocationHelper.java:80)<br>org.testng.internal.Invoker.invokeMethod(Invoker.java:714)<br>org.testng.internal.Invoker.invokeTestMethod(Invoker.java:901)<br>org.testng.internal.Invoker.invokeTestMethods(Invoker.java:1231)<br>org.testng.internal.TestMethodWorker.invokeTestMethods(TestMethodWorker.java:127)<br>org.testng.internal.TestMethodWorker.run(TestMethodWorker.java:111)<br>org.testng.TestRunner.privateRun(TestRunner.java:767)<br>org.testng.TestRunner.run(TestRunner.java:617)<br>org.testng.SuiteRunner.runTest(SuiteRunner.java:334)<br>org.testng.SuiteRunner.runSequentially(SuiteRunner.java:329)<br>org.testng.SuiteRunner.privateRun(SuiteRunner.java:291)<br>org.testng.SuiteRunner.run(SuiteRunner.java:240)<br>org.testng.SuiteRunnerWorker.runSuite(SuiteRunnerWorker.java:52)<br>org.testng.SuiteRunnerWorker.run(SuiteRunnerWorker.java:86)<br>org.testng.TestNG.runSuitesSequentially(TestNG.java:1198)<br>org.testng.TestNG.runSuitesLocally(TestNG.java:1123)<br>org.testng.TestNG.run(TestNG.java:1031)<br>org.testng.remote.AbstractRemoteTestNG.run(AbstractRemoteTestNG.java:114)<br>org.testng.remote.RemoteTestNG.initAndRun(RemoteTestNG.java:251)<br>org.testng.remote.RemoteTestNG.main(RemoteTestNG.java:77)<br>
</div> <!-- stack-trace -->
                </div> <!-- method-content -->
              </div> <!-- method -->
            </div> <!-- main-panel-content rounded-window-bottom -->
          </div> <!-- suite-SupplierSuite-class-failed -->
        </div> <!-- panel SupplierSuite -->
        <div panel-name="test-xml-SupplierSuite" class="panel">
          <div class="main-panel-header rounded-window-top">
            <span class="header-content">E:\Supplier_Integration_MyAdmin\Supplier_Integration_MyAdmin\Supplier_Admin\src\test\java\testng.xml</span>
          </div> <!-- main-panel-header rounded-window-top -->
          <div class="main-panel-content rounded-window-bottom">
            <pre>
&lt;?xml version=&quot;1.0&quot; encoding=&quot;UTF-8&quot;?&gt;
&lt;!DOCTYPE suite SYSTEM &quot;http://testng.org/testng-1.0.dtd&quot;&gt;
&lt;suite name=&quot;SupplierSuite&quot;&gt;
  &lt;test name=&quot;SupplierTest1&quot;&gt;
    &lt;parameter name=&quot;browsername&quot; value=&quot;CH&quot;/&gt;
    &lt;classes&gt;
      &lt;class name=&quot;Search_MyAdmin.Search_Prepay&quot;/&gt;
    &lt;/classes&gt;
  &lt;/test&gt; &lt;!-- SupplierTest1 --&gt;
  &lt;test name=&quot;SupplierTest2&quot;&gt;
    &lt;parameter name=&quot;browsername&quot; value=&quot;CH&quot;/&gt;
    &lt;classes&gt;
      &lt;class name=&quot;Search_MyAdmin.Search_Credit&quot;/&gt;
    &lt;/classes&gt;
  &lt;/test&gt; &lt;!-- SupplierTest2 --&gt;
  &lt;test name=&quot;SupplierTest3&quot;&gt;
    &lt;parameter name=&quot;browsername&quot; value=&quot;CH&quot;/&gt;
    &lt;classes&gt;
      &lt;class name=&quot;Search_MyAdmin.Search_Credit_Card&quot;/&gt;
    &lt;/classes&gt;
  &lt;/test&gt; &lt;!-- SupplierTest3 --&gt;
  &lt;test name=&quot;SupplierTest4&quot;&gt;
    &lt;parameter name=&quot;browsername&quot; value=&quot;CH&quot;/&gt;
    &lt;classes&gt;
      &lt;class name=&quot;Search_MyAdmin.Search_Prepay_Within_Deadline&quot;/&gt;
    &lt;/classes&gt;
  &lt;/test&gt; &lt;!-- SupplierTest4 --&gt;
  &lt;test name=&quot;SupplierTest5&quot;&gt;
    &lt;parameter name=&quot;browsername&quot; value=&quot;CH&quot;/&gt;
    &lt;classes&gt;
      &lt;class name=&quot;Search_MyAdmin.Search_Credit_Within_Deadline&quot;/&gt;
    &lt;/classes&gt;
  &lt;/test&gt; &lt;!-- SupplierTest5 --&gt;
  &lt;test name=&quot;SupplierTest6&quot;&gt;
    &lt;parameter name=&quot;browsername&quot; value=&quot;CH&quot;/&gt;
    &lt;classes&gt;
      &lt;class name=&quot;Search_MyAdmin.Search_Credit_Card_Within_Deadline&quot;/&gt;
    &lt;/classes&gt;
  &lt;/test&gt; &lt;!-- SupplierTest6 --&gt;
  &lt;test name=&quot;SupplierTest7&quot;&gt;
    &lt;parameter name=&quot;browsername&quot; value=&quot;CH&quot;/&gt;
    &lt;classes&gt;
      &lt;class name=&quot;Search_MyAdmin.Search_Prepay_NFR&quot;/&gt;
    &lt;/classes&gt;
  &lt;/test&gt; &lt;!-- SupplierTest7 --&gt;
  &lt;test name=&quot;SupplierTest8&quot;&gt;
    &lt;parameter name=&quot;browsername&quot; value=&quot;CH&quot;/&gt;
    &lt;classes&gt;
      &lt;class name=&quot;Search_MyAdmin.Search_Credit_NFR&quot;/&gt;
    &lt;/classes&gt;
  &lt;/test&gt; &lt;!-- SupplierTest8 --&gt;
  &lt;test name=&quot;SupplierTest9&quot;&gt;
    &lt;parameter name=&quot;browsername&quot; value=&quot;CH&quot;/&gt;
    &lt;classes&gt;
      &lt;class name=&quot;Search_MyAdmin.Search_Credit_Card_NFR&quot;/&gt;
    &lt;/classes&gt;
  &lt;/test&gt; &lt;!-- SupplierTest9 --&gt;
  &lt;test name=&quot;SupplierTest10&quot;&gt;
    &lt;parameter name=&quot;browsername&quot; value=&quot;CH&quot;/&gt;
    &lt;classes&gt;
      &lt;class name=&quot;Booking_MyAdmin.Book_Prepay&quot;/&gt;
    &lt;/classes&gt;
  &lt;/test&gt; &lt;!-- SupplierTest10 --&gt;
  &lt;test name=&quot;SupplierTest11&quot;&gt;
    &lt;parameter name=&quot;browsername&quot; value=&quot;CH&quot;/&gt;
    &lt;classes&gt;
      &lt;class name=&quot;Booking_MyAdmin.Book_Credit&quot;/&gt;
    &lt;/classes&gt;
  &lt;/test&gt; &lt;!-- SupplierTest11 --&gt;
  &lt;test name=&quot;SupplierTest12&quot;&gt;
    &lt;parameter name=&quot;browsername&quot; value=&quot;CH&quot;/&gt;
    &lt;classes&gt;
      &lt;class name=&quot;Booking_MyAdmin.Book_Credit_Card&quot;/&gt;
    &lt;/classes&gt;
  &lt;/test&gt; &lt;!-- SupplierTest12 --&gt;
  &lt;test name=&quot;SupplierTest13&quot;&gt;
    &lt;parameter name=&quot;browsername&quot; value=&quot;CH&quot;/&gt;
    &lt;classes&gt;
      &lt;class name=&quot;Booking_MyAdmin.Book_Credit_Card_MultiSupplier&quot;/&gt;
    &lt;/classes&gt;
  &lt;/test&gt; &lt;!-- SupplierTest13 --&gt;
  &lt;test name=&quot;SupplierTest14&quot;&gt;
    &lt;parameter name=&quot;browsername&quot; value=&quot;CH&quot;/&gt;
    &lt;classes&gt;
      &lt;class name=&quot;Booking_MyAdmin.Book_Credit_Card_Saved_Itenary_NFR&quot;/&gt;
    &lt;/classes&gt;
  &lt;/test&gt; &lt;!-- SupplierTest14 --&gt;
  &lt;test name=&quot;SupplierTest15&quot;&gt;
    &lt;parameter name=&quot;browsername&quot; value=&quot;CH&quot;/&gt;
    &lt;classes&gt;
      &lt;class name=&quot;Booking_MyAdmin.Book_Credit_MultiSupplier&quot;/&gt;
    &lt;/classes&gt;
  &lt;/test&gt; &lt;!-- SupplierTest15 --&gt;
  &lt;test name=&quot;SupplierTest16&quot;&gt;
    &lt;parameter name=&quot;browsername&quot; value=&quot;CH&quot;/&gt;
    &lt;classes&gt;
      &lt;class name=&quot;Booking_MyAdmin.Book_Credit_Saved_Itenary_NFR&quot;/&gt;
    &lt;/classes&gt;
  &lt;/test&gt; &lt;!-- SupplierTest16 --&gt;
  &lt;test name=&quot;SupplierTest17&quot;&gt;
    &lt;parameter name=&quot;browsername&quot; value=&quot;CH&quot;/&gt;
    &lt;classes&gt;
      &lt;class name=&quot;Booking_MyAdmin.Book_Prepay_MultiSupplier&quot;/&gt;
    &lt;/classes&gt;
  &lt;/test&gt; &lt;!-- SupplierTest17 --&gt;
&lt;/suite&gt; &lt;!-- SupplierSuite --&gt;
            </pre>
          </div> <!-- main-panel-content rounded-window-bottom -->
        </div> <!-- panel -->
        <div panel-name="testlist-SupplierSuite" class="panel">
          <div class="main-panel-header rounded-window-top">
            <span class="header-content">Tests for SupplierSuite</span>
          </div> <!-- main-panel-header rounded-window-top -->
          <div class="main-panel-content rounded-window-bottom">
            <ul>
              <li>
                <span class="test-name">SupplierTest1 (1 class)</span>
              </li>
              <li>
                <span class="test-name">SupplierTest2 (1 class)</span>
              </li>
              <li>
                <span class="test-name">SupplierTest3 (1 class)</span>
              </li>
              <li>
                <span class="test-name">SupplierTest4 (1 class)</span>
              </li>
              <li>
                <span class="test-name">SupplierTest5 (1 class)</span>
              </li>
              <li>
                <span class="test-name">SupplierTest6 (1 class)</span>
              </li>
              <li>
                <span class="test-name">SupplierTest7 (1 class)</span>
              </li>
              <li>
                <span class="test-name">SupplierTest8 (1 class)</span>
              </li>
              <li>
                <span class="test-name">SupplierTest9 (1 class)</span>
              </li>
              <li>
                <span class="test-name">SupplierTest10 (1 class)</span>
              </li>
              <li>
                <span class="test-name">SupplierTest11 (1 class)</span>
              </li>
              <li>
                <span class="test-name">SupplierTest12 (1 class)</span>
              </li>
              <li>
                <span class="test-name">SupplierTest13 (1 class)</span>
              </li>
              <li>
                <span class="test-name">SupplierTest14 (1 class)</span>
              </li>
              <li>
                <span class="test-name">SupplierTest15 (1 class)</span>
              </li>
              <li>
                <span class="test-name">SupplierTest16 (1 class)</span>
              </li>
              <li>
                <span class="test-name">SupplierTest17 (1 class)</span>
              </li>
            </ul>
          </div> <!-- main-panel-content rounded-window-bottom -->
        </div> <!-- panel -->
        <div panel-name="group-SupplierSuite" class="panel">
          <div class="main-panel-header rounded-window-top">
            <span class="header-content">Groups for SupplierSuite</span>
          </div> <!-- main-panel-header rounded-window-top -->
          <div class="main-panel-content rounded-window-bottom">
          </div> <!-- main-panel-content rounded-window-bottom -->
        </div> <!-- panel -->
        <div panel-name="times-SupplierSuite" class="panel">
          <div class="main-panel-header rounded-window-top">
            <span class="header-content">Times for SupplierSuite</span>
          </div> <!-- main-panel-header rounded-window-top -->
          <div class="main-panel-content rounded-window-bottom">
            <div class="times-div">
              <script type="text/javascript">
suiteTableInitFunctions.push('tableData_SupplierSuite');
function tableData_SupplierSuite() {
var data = new google.visualization.DataTable();
data.addColumn('number', 'Number');
data.addColumn('string', 'Method');
data.addColumn('string', 'Class');
data.addColumn('number', 'Time (ms)');
data.addRows(17);
data.setCell(0, 0, 0)
data.setCell(0, 1, 'SearchPrepay')
data.setCell(0, 2, 'Search_MyAdmin.Search_Prepay')
data.setCell(0, 3, 46);
data.setCell(1, 0, 1)
data.setCell(1, 1, 'SearchCreditCardWithinDeadline')
data.setCell(1, 2, 'Search_MyAdmin.Search_Credit_Card_Within_Deadline')
data.setCell(1, 3, 16);
data.setCell(2, 0, 2)
data.setCell(2, 1, 'BookPrepay')
data.setCell(2, 2, 'Booking_MyAdmin.Book_Prepay')
data.setCell(2, 3, 16);
data.setCell(3, 0, 3)
data.setCell(3, 1, 'BookCreditCard')
data.setCell(3, 2, 'Booking_MyAdmin.Book_Credit_Card')
data.setCell(3, 3, 16);
data.setCell(4, 0, 4)
data.setCell(4, 1, 'SearchPrepayWithinDeadline')
data.setCell(4, 2, 'Search_MyAdmin.Search_Prepay_Within_Deadline')
data.setCell(4, 3, 15);
data.setCell(5, 0, 5)
data.setCell(5, 1, 'BookSavedITNCreditNFR')
data.setCell(5, 2, 'Booking_MyAdmin.Book_Credit_Saved_Itenary_NFR')
data.setCell(5, 3, 15);
data.setCell(6, 0, 6)
data.setCell(6, 1, 'SearchCredit')
data.setCell(6, 2, 'Search_MyAdmin.Search_Credit')
data.setCell(6, 3, 0);
data.setCell(7, 0, 7)
data.setCell(7, 1, 'SearchCreditCard')
data.setCell(7, 2, 'Search_MyAdmin.Search_Credit_Card')
data.setCell(7, 3, 0);
data.setCell(8, 0, 8)
data.setCell(8, 1, 'SearchCreditWithinDeadline')
data.setCell(8, 2, 'Search_MyAdmin.Search_Credit_Within_Deadline')
data.setCell(8, 3, 0);
data.setCell(9, 0, 9)
data.setCell(9, 1, 'SearchPrepayNFR')
data.setCell(9, 2, 'Search_MyAdmin.Search_Prepay_NFR')
data.setCell(9, 3, 0);
data.setCell(10, 0, 10)
data.setCell(10, 1, 'SearchCreditNFR')
data.setCell(10, 2, 'Search_MyAdmin.Search_Credit_NFR')
data.setCell(10, 3, 0);
data.setCell(11, 0, 11)
data.setCell(11, 1, 'SearchCreditCardNFR')
data.setCell(11, 2, 'Search_MyAdmin.Search_Credit_Card_NFR')
data.setCell(11, 3, 0);
data.setCell(12, 0, 12)
data.setCell(12, 1, 'BookCredit')
data.setCell(12, 2, 'Booking_MyAdmin.Book_Credit')
data.setCell(12, 3, 0);
data.setCell(13, 0, 13)
data.setCell(13, 1, 'BookCreditCardMultiSupplier')
data.setCell(13, 2, 'Booking_MyAdmin.Book_Credit_Card_MultiSupplier')
data.setCell(13, 3, 0);
data.setCell(14, 0, 14)
data.setCell(14, 1, 'BookSavedITNCreditCardNFR')
data.setCell(14, 2, 'Booking_MyAdmin.Book_Credit_Card_Saved_Itenary_NFR')
data.setCell(14, 3, 0);
data.setCell(15, 0, 15)
data.setCell(15, 1, 'BookCreditMultiSupplier')
data.setCell(15, 2, 'Booking_MyAdmin.Book_Credit_MultiSupplier')
data.setCell(15, 3, 0);
data.setCell(16, 0, 16)
data.setCell(16, 1, 'BookPrepayMultiSupplier')
data.setCell(16, 2, 'Booking_MyAdmin.Book_Prepay_MultiSupplier')
data.setCell(16, 3, 0);
window.suiteTableData['SupplierSuite']= { tableData: data, tableDiv: 'times-div-SupplierSuite'}
return data;
}
              </script>
              <span class="suite-total-time">Total running time: 124 ms</span>
              <div id="times-div-SupplierSuite">
              </div> <!-- times-div-SupplierSuite -->
            </div> <!-- times-div -->
          </div> <!-- main-panel-content rounded-window-bottom -->
        </div> <!-- panel -->
        <div panel-name="reporter-SupplierSuite" class="panel">
          <div class="main-panel-header rounded-window-top">
            <span class="header-content">Reporter output for SupplierSuite</span>
          </div> <!-- main-panel-header rounded-window-top -->
          <div class="main-panel-content rounded-window-bottom">
          </div> <!-- main-panel-content rounded-window-bottom -->
        </div> <!-- panel -->
        <div panel-name="ignored-methods-SupplierSuite" class="panel">
          <div class="main-panel-header rounded-window-top">
            <span class="header-content">0 ignored methods</span>
          </div> <!-- main-panel-header rounded-window-top -->
          <div class="main-panel-content rounded-window-bottom">
          </div> <!-- main-panel-content rounded-window-bottom -->
        </div> <!-- panel -->
        <div panel-name="chronological-SupplierSuite" class="panel">
          <div class="main-panel-header rounded-window-top">
            <span class="header-content">Methods in chronological order</span>
          </div> <!-- main-panel-header rounded-window-top -->
          <div class="main-panel-content rounded-window-bottom">
            <div class="chronological-class">
              <div class="chronological-class-name">Search_MyAdmin.Search_Prepay</div> <!-- chronological-class-name -->
              <div class="test-method">
                <img src="failed.png">
                </img>
                <span class="method-name">SearchPrepay(CH)</span>
                <span class="method-start">0 ms</span>
              </div> <!-- test-method -->
              <div class="configuration-method after">
                <img src="failed.png">
                </img>
                <span class="method-name">getResult([TestResult name=SearchPrepay status=FAILURE method=Search_Prepay.SearchPrepay(java.lang.String)[pri...)</span>
                <span class="method-start">62 ms</span>
              </div> <!-- configuration-method after -->
            </div> <!-- chronological-class -->
            <div class="chronological-class">
              <div class="chronological-class-name">Search_MyAdmin.Search_Credit</div> <!-- chronological-class-name -->
              <div class="test-method">
                <img src="failed.png">
                </img>
                <span class="method-name">SearchCredit(CH)</span>
                <span class="method-start">125 ms</span>
              </div> <!-- test-method -->
              <div class="configuration-method after">
                <img src="failed.png">
                </img>
                <span class="method-name">getResult([TestResult name=SearchCredit status=FAILURE method=Search_Credit.SearchCredit(java.lang.String)[pri...)</span>
                <span class="method-start">125 ms</span>
              </div> <!-- configuration-method after -->
            </div> <!-- chronological-class -->
            <div class="chronological-class">
              <div class="chronological-class-name">Search_MyAdmin.Search_Credit_Card</div> <!-- chronological-class-name -->
              <div class="test-method">
                <img src="failed.png">
                </img>
                <span class="method-name">SearchCreditCard(CH)</span>
                <span class="method-start">171 ms</span>
              </div> <!-- test-method -->
              <div class="configuration-method after">
                <img src="failed.png">
                </img>
                <span class="method-name">getResult([TestResult name=SearchCreditCard status=FAILURE method=Search_Credit_Card.SearchCreditCard(java.lan...)</span>
                <span class="method-start">171 ms</span>
              </div> <!-- configuration-method after -->
            </div> <!-- chronological-class -->
            <div class="chronological-class">
              <div class="chronological-class-name">Search_MyAdmin.Search_Prepay_Within_Deadline</div> <!-- chronological-class-name -->
              <div class="test-method">
                <img src="failed.png">
                </img>
                <span class="method-name">SearchPrepayWithinDeadline(CH)</span>
                <span class="method-start">203 ms</span>
              </div> <!-- test-method -->
              <div class="configuration-method after">
                <img src="failed.png">
                </img>
                <span class="method-name">getResult([TestResult name=SearchPrepayWithinDeadline status=FAILURE method=Search_Prepay_Within_Deadline.Sear...)</span>
                <span class="method-start">218 ms</span>
              </div> <!-- configuration-method after -->
            </div> <!-- chronological-class -->
            <div class="chronological-class">
              <div class="chronological-class-name">Search_MyAdmin.Search_Credit_Within_Deadline</div> <!-- chronological-class-name -->
              <div class="test-method">
                <img src="failed.png">
                </img>
                <span class="method-name">SearchCreditWithinDeadline(CH)</span>
                <span class="method-start">250 ms</span>
              </div> <!-- test-method -->
              <div class="configuration-method after">
                <img src="failed.png">
                </img>
                <span class="method-name">getResult([TestResult name=SearchCreditWithinDeadline status=FAILURE method=Search_Credit_Within_Deadline.Sear...)</span>
                <span class="method-start">250 ms</span>
              </div> <!-- configuration-method after -->
            </div> <!-- chronological-class -->
            <div class="chronological-class">
              <div class="chronological-class-name">Search_MyAdmin.Search_Credit_Card_Within_Deadline</div> <!-- chronological-class-name -->
              <div class="test-method">
                <img src="failed.png">
                </img>
                <span class="method-name">SearchCreditCardWithinDeadline(CH)</span>
                <span class="method-start">296 ms</span>
              </div> <!-- test-method -->
              <div class="configuration-method after">
                <img src="failed.png">
                </img>
                <span class="method-name">getResult([TestResult name=SearchCreditCardWithinDeadline status=FAILURE method=Search_Credit_Card_Within_Dead...)</span>
                <span class="method-start">312 ms</span>
              </div> <!-- configuration-method after -->
            </div> <!-- chronological-class -->
            <div class="chronological-class">
              <div class="chronological-class-name">Search_MyAdmin.Search_Prepay_NFR</div> <!-- chronological-class-name -->
              <div class="test-method">
                <img src="failed.png">
                </img>
                <span class="method-name">SearchPrepayNFR(CH)</span>
                <span class="method-start">359 ms</span>
              </div> <!-- test-method -->
              <div class="configuration-method after">
                <img src="failed.png">
                </img>
                <span class="method-name">getResult([TestResult name=SearchPrepayNFR status=FAILURE method=Search_Prepay_NFR.SearchPrepayNFR(java.lang.S...)</span>
                <span class="method-start">359 ms</span>
              </div> <!-- configuration-method after -->
            </div> <!-- chronological-class -->
            <div class="chronological-class">
              <div class="chronological-class-name">Search_MyAdmin.Search_Credit_NFR</div> <!-- chronological-class-name -->
              <div class="test-method">
                <img src="failed.png">
                </img>
                <span class="method-name">SearchCreditNFR(CH)</span>
                <span class="method-start">468 ms</span>
              </div> <!-- test-method -->
              <div class="configuration-method after">
                <img src="failed.png">
                </img>
                <span class="method-name">getResult([TestResult name=SearchCreditNFR status=FAILURE method=Search_Credit_NFR.SearchCreditNFR(java.lang.S...)</span>
                <span class="method-start">468 ms</span>
              </div> <!-- configuration-method after -->
            </div> <!-- chronological-class -->
            <div class="chronological-class">
              <div class="chronological-class-name">Search_MyAdmin.Search_Credit_Card_NFR</div> <!-- chronological-class-name -->
              <div class="test-method">
                <img src="failed.png">
                </img>
                <span class="method-name">SearchCreditCardNFR(CH)</span>
                <span class="method-start">546 ms</span>
              </div> <!-- test-method -->
              <div class="configuration-method after">
                <img src="failed.png">
                </img>
                <span class="method-name">getResult([TestResult name=SearchCreditCardNFR status=FAILURE method=Search_Credit_Card_NFR.SearchCreditCardNF...)</span>
                <span class="method-start">546 ms</span>
              </div> <!-- configuration-method after -->
            </div> <!-- chronological-class -->
            <div class="chronological-class">
              <div class="chronological-class-name">Booking_MyAdmin.Book_Prepay</div> <!-- chronological-class-name -->
              <div class="test-method">
                <img src="failed.png">
                </img>
                <span class="method-name">BookPrepay(CH)</span>
                <span class="method-start">562 ms</span>
              </div> <!-- test-method -->
              <div class="configuration-method after">
                <img src="failed.png">
                </img>
                <span class="method-name">getResult([TestResult name=BookPrepay status=FAILURE method=Book_Prepay.BookPrepay(java.lang.String)[pri:0, in...)</span>
                <span class="method-start">578 ms</span>
              </div> <!-- configuration-method after -->
            </div> <!-- chronological-class -->
            <div class="chronological-class">
              <div class="chronological-class-name">Booking_MyAdmin.Book_Credit</div> <!-- chronological-class-name -->
              <div class="test-method">
                <img src="failed.png">
                </img>
                <span class="method-name">BookCredit(CH)</span>
                <span class="method-start">625 ms</span>
              </div> <!-- test-method -->
              <div class="configuration-method after">
                <img src="failed.png">
                </img>
                <span class="method-name">getResult([TestResult name=BookCredit status=FAILURE method=Book_Credit.BookCredit(java.lang.String)[pri:0, in...)</span>
                <span class="method-start">625 ms</span>
              </div> <!-- configuration-method after -->
            </div> <!-- chronological-class -->
            <div class="chronological-class">
              <div class="chronological-class-name">Booking_MyAdmin.Book_Credit_Card</div> <!-- chronological-class-name -->
              <div class="test-method">
                <img src="failed.png">
                </img>
                <span class="method-name">BookCreditCard(CH)</span>
                <span class="method-start">640 ms</span>
              </div> <!-- test-method -->
              <div class="configuration-method after">
                <img src="failed.png">
                </img>
                <span class="method-name">getResult([TestResult name=BookCreditCard status=FAILURE method=Book_Credit_Card.BookCreditCard(java.lang.Stri...)</span>
                <span class="method-start">656 ms</span>
              </div> <!-- configuration-method after -->
            </div> <!-- chronological-class -->
            <div class="chronological-class">
              <div class="chronological-class-name">Booking_MyAdmin.Book_Credit_Card_MultiSupplier</div> <!-- chronological-class-name -->
              <div class="test-method">
                <img src="failed.png">
                </img>
                <span class="method-name">BookCreditCardMultiSupplier(CH)</span>
                <span class="method-start">672 ms</span>
              </div> <!-- test-method -->
              <div class="configuration-method after">
                <img src="failed.png">
                </img>
                <span class="method-name">getResult([TestResult name=BookCreditCardMultiSupplier status=FAILURE method=Book_Credit_Card_MultiSupplier.Bo...)</span>
                <span class="method-start">672 ms</span>
              </div> <!-- configuration-method after -->
            </div> <!-- chronological-class -->
            <div class="chronological-class">
              <div class="chronological-class-name">Booking_MyAdmin.Book_Credit_Card_Saved_Itenary_NFR</div> <!-- chronological-class-name -->
              <div class="test-method">
                <img src="failed.png">
                </img>
                <span class="method-name">BookSavedITNCreditCardNFR(CH)</span>
                <span class="method-start">781 ms</span>
              </div> <!-- test-method -->
              <div class="configuration-method after">
                <img src="failed.png">
                </img>
                <span class="method-name">getResult([TestResult name=BookSavedITNCreditCardNFR status=FAILURE method=Book_Credit_Card_Saved_Itenary_NFR....)</span>
                <span class="method-start">781 ms</span>
              </div> <!-- configuration-method after -->
            </div> <!-- chronological-class -->
            <div class="chronological-class">
              <div class="chronological-class-name">Booking_MyAdmin.Book_Credit_MultiSupplier</div> <!-- chronological-class-name -->
              <div class="test-method">
                <img src="failed.png">
                </img>
                <span class="method-name">BookCreditMultiSupplier(CH)</span>
                <span class="method-start">797 ms</span>
              </div> <!-- test-method -->
              <div class="configuration-method after">
                <img src="failed.png">
                </img>
                <span class="method-name">getResult([TestResult name=BookCreditMultiSupplier status=FAILURE method=Book_Credit_MultiSupplier.BookCreditM...)</span>
                <span class="method-start">797 ms</span>
              </div> <!-- configuration-method after -->
            </div> <!-- chronological-class -->
            <div class="chronological-class">
              <div class="chronological-class-name">Booking_MyAdmin.Book_Credit_Saved_Itenary_NFR</div> <!-- chronological-class-name -->
              <div class="test-method">
                <img src="failed.png">
                </img>
                <span class="method-name">BookSavedITNCreditNFR(CH)</span>
                <span class="method-start">828 ms</span>
              </div> <!-- test-method -->
              <div class="configuration-method after">
                <img src="failed.png">
                </img>
                <span class="method-name">getResult([TestResult name=BookSavedITNCreditNFR status=FAILURE method=Book_Credit_Saved_Itenary_NFR.BookSaved...)</span>
                <span class="method-start">843 ms</span>
              </div> <!-- configuration-method after -->
            </div> <!-- chronological-class -->
            <div class="chronological-class">
              <div class="chronological-class-name">Booking_MyAdmin.Book_Prepay_MultiSupplier</div> <!-- chronological-class-name -->
              <div class="test-method">
                <img src="failed.png">
                </img>
                <span class="method-name">BookPrepayMultiSupplier(CH)</span>
                <span class="method-start">875 ms</span>
              </div> <!-- test-method -->
              <div class="configuration-method after">
                <img src="failed.png">
                </img>
                <span class="method-name">getResult([TestResult name=BookPrepayMultiSupplier status=FAILURE method=Book_Prepay_MultiSupplier.BookPrepayM...)</span>
                <span class="method-start">875 ms</span>
              </div> <!-- configuration-method after -->
          </div> <!-- main-panel-content rounded-window-bottom -->
        </div> <!-- panel -->
      </div> <!-- main-panel-root -->
    </div> <!-- wrapper -->
  </body>
</html>
